2025-07-01 17:24:10,397 - mysql.connector - INFO - package: mysql.connector.plugins
2025-07-01 17:24:10,397 - mysql.connector - INFO - plugin_name: caching_sha2_password
2025-07-01 17:24:10,397 - mysql.connector - INFO - AUTHENTICATION_PLUGIN_CLASS: MySQLCachingSHA2PasswordAuthPlugin
2025-07-01 18:05:23,798 - numexpr.utils - INFO - NumExpr defaulting to 8 threads.
2025-07-01 18:05:24,855 - mysql.connector - INFO - package: mysql.connector.plugins
2025-07-01 18:05:24,855 - mysql.connector - INFO - plugin_name: caching_sha2_password
2025-07-01 18:05:24,855 - mysql.connector - INFO - AUTHENTICATION_PLUGIN_CLASS: MySQLCachingSHA2PasswordAuthPlugin
2025-07-01 18:11:45,820 - django.request - ERROR - Internal Server Error: /api/compliance/compliance/1/audit-info/
2025-07-01 18:11:45,961 - django.request - ERROR - Internal Server Error: /api/compliance/compliance/2/audit-info/
2025-07-01 18:11:46,102 - django.request - ERROR - Internal Server Error: /api/compliance/compliance/3/audit-info/
2025-07-01 18:12:26,812 - django.request - ERROR - Internal Server Error: /api/compliance/kpi-dashboard/analytics/non-compliance-repetitions/
2025-07-01 18:12:26,896 - django.request - ERROR - Internal Server Error: /api/compliance/kpi-dashboard/analytics/remediation-cost/
2025-07-01 18:12:26,912 - django.request - ERROR - Internal Server Error: /api/compliance/kpi-dashboard/analytics/non-compliant-incidents/
2025-07-01 18:13:44,531 - grc.rbac.utils - INFO - [RBAC] Successfully retrieved user_id from session: 2
2025-07-01 18:13:44,531 - grc.incident_views - ERROR - [RBAC] Error getting detailed permissions for user 2: cannot import name 'RBACModulePermission' from 'grc.models' (C:\Users\puttu\Music\GRC-no_rbac_main\backend\grc\models.py)
2025-07-01 18:13:44,531 - grc.incident_views - INFO - [RBAC DEBUG] User Access Attempt:
2025-07-01 18:13:44,531 - grc.incident_views - INFO -    User ID: 2
2025-07-01 18:13:44,531 - grc.incident_views - INFO -    Action: LIST_INCIDENTS
2025-07-01 18:13:44,531 - grc.incident_views - INFO -    Resource: incident (ID: None)
2025-07-01 18:13:44,531 - grc.incident_views - INFO -    IP Address: 127.0.0.1
2025-07-01 18:13:44,531 - grc.incident_views - INFO -    === DETAILED PERMISSIONS FROM DATABASE ===
2025-07-01 18:13:44,531 - grc.incident_views - INFO -    No specific permissions found in database
2025-07-01 18:13:44,546 - grc.rbac.utils - INFO - [RBAC] Found active RBAC record for user 2: role=GRC Administrator
2025-07-01 18:13:44,548 - grc.rbac.utils - INFO - [RBAC] User 2 (GRC Administrator) incident.view = ALLOWED
2025-07-01 18:13:44,548 - grc.incident_views - INFO - [RBAC PERM CHECK] User 2 checking Incident.view = True
2025-07-01 18:13:44,549 - grc.incident_views - ERROR - [RBAC PERM CHECK] Error debugging permission check: cannot import name 'RBACModulePermission' from 'grc.models' (C:\Users\puttu\Music\GRC-no_rbac_main\backend\grc\models.py)
2025-07-01 18:13:44,554 - grc.rbac.utils - INFO - [RBAC] Found active RBAC record for user 2: role=GRC Administrator
2025-07-01 18:13:44,554 - grc.rbac.utils - INFO - [RBAC] User 2 (GRC Administrator) incident.create = ALLOWED
2025-07-01 18:13:44,558 - grc.incident_views - INFO - [RBAC PERM CHECK] User 2 checking Incident.create = True
2025-07-01 18:13:44,558 - grc.incident_views - ERROR - [RBAC PERM CHECK] Error debugging permission check: cannot import name 'RBACModulePermission' from 'grc.models' (C:\Users\puttu\Music\GRC-no_rbac_main\backend\grc\models.py)
2025-07-01 18:13:44,564 - grc.rbac.utils - INFO - [RBAC] Found active RBAC record for user 2: role=GRC Administrator
2025-07-01 18:13:44,564 - grc.rbac.utils - INFO - [RBAC] User 2 (GRC Administrator) incident.edit = ALLOWED
2025-07-01 18:13:44,564 - grc.incident_views - INFO - [RBAC PERM CHECK] User 2 checking Incident.edit = True
2025-07-01 18:13:44,564 - grc.incident_views - ERROR - [RBAC PERM CHECK] Error debugging permission check: cannot import name 'RBACModulePermission' from 'grc.models' (C:\Users\puttu\Music\GRC-no_rbac_main\backend\grc\models.py)
2025-07-01 18:13:44,572 - grc.rbac.utils - INFO - [RBAC] Found active RBAC record for user 2: role=GRC Administrator
2025-07-01 18:13:44,574 - grc.rbac.utils - ERROR - [RBAC] Invalid incident permission type: approve
2025-07-01 18:13:44,574 - grc.incident_views - INFO - [RBAC PERM CHECK] User 2 checking Incident.approve = False
2025-07-01 18:13:44,576 - grc.incident_views - ERROR - [RBAC PERM CHECK] Error debugging permission check: cannot import name 'RBACModulePermission' from 'grc.models' (C:\Users\puttu\Music\GRC-no_rbac_main\backend\grc\models.py)
2025-07-01 18:13:44,583 - grc.rbac.utils - INFO - [RBAC] Found active RBAC record for user 2: role=GRC Administrator
2025-07-01 18:13:44,585 - grc.rbac.utils - INFO - [RBAC] User 2 (GRC Administrator) incident.assign = ALLOWED
2025-07-01 18:13:44,585 - grc.incident_views - INFO - [RBAC PERM CHECK] User 2 checking Incident.assign = True
2025-07-01 18:13:44,585 - grc.incident_views - ERROR - [RBAC PERM CHECK] Error debugging permission check: cannot import name 'RBACModulePermission' from 'grc.models' (C:\Users\puttu\Music\GRC-no_rbac_main\backend\grc\models.py)
2025-07-01 18:13:44,585 - grc.incident_views - INFO -    Module Permissions for Incident:
2025-07-01 18:13:44,585 - grc.incident_views - INFO -       View: YES
2025-07-01 18:13:44,585 - grc.incident_views - INFO -       Create: YES
2025-07-01 18:13:44,585 - grc.incident_views - INFO -       Edit: YES
2025-07-01 18:13:44,585 - grc.incident_views - INFO -       Approve: NO
2025-07-01 18:13:44,589 - grc.incident_views - INFO -       Assign: YES
2025-07-01 18:13:44,589 - grc.incident_views - INFO -    Timestamp: 2025-07-01 18:13:44.589360
2025-07-01 18:13:44,589 - grc.incident_views - INFO -    ============================================================
2025-07-01 18:49:20,633 - grc.rbac.utils - INFO - [RBAC] Successfully retrieved user_id from session: 2
2025-07-01 18:49:20,636 - grc.incident_views - ERROR - [RBAC] Error getting detailed permissions for user 2: cannot import name 'RBACModulePermission' from 'grc.models' (C:\Users\puttu\Music\GRC-no_rbac_main\backend\grc\models.py)
2025-07-01 18:49:20,636 - grc.incident_views - INFO - [RBAC DEBUG] User Access Attempt:
2025-07-01 18:49:20,647 - grc.incident_views - INFO -    User ID: 2
2025-07-01 18:49:20,650 - grc.incident_views - INFO -    Action: LIST_INCIDENTS
2025-07-01 18:49:20,650 - grc.incident_views - INFO -    Resource: incident (ID: None)
2025-07-01 18:49:20,650 - grc.incident_views - INFO -    IP Address: 127.0.0.1
2025-07-01 18:49:20,651 - grc.incident_views - INFO -    === DETAILED PERMISSIONS FROM DATABASE ===
2025-07-01 18:49:20,651 - grc.incident_views - INFO -    No specific permissions found in database
2025-07-01 18:49:20,661 - grc.rbac.utils - INFO - [RBAC] Found active RBAC record for user 2: role=GRC Administrator
2025-07-01 18:49:20,661 - grc.rbac.utils - INFO - [RBAC] User 2 (GRC Administrator) incident.view = ALLOWED
2025-07-01 18:49:20,665 - grc.incident_views - INFO - [RBAC PERM CHECK] User 2 checking Incident.view = True
2025-07-01 18:49:20,667 - grc.incident_views - ERROR - [RBAC PERM CHECK] Error debugging permission check: cannot import name 'RBACModulePermission' from 'grc.models' (C:\Users\puttu\Music\GRC-no_rbac_main\backend\grc\models.py)
2025-07-01 18:49:20,674 - grc.rbac.utils - INFO - [RBAC] Found active RBAC record for user 2: role=GRC Administrator
2025-07-01 18:49:20,674 - grc.rbac.utils - INFO - [RBAC] User 2 (GRC Administrator) incident.create = ALLOWED
2025-07-01 18:49:20,674 - grc.incident_views - INFO - [RBAC PERM CHECK] User 2 checking Incident.create = True
2025-07-01 18:49:20,674 - grc.incident_views - ERROR - [RBAC PERM CHECK] Error debugging permission check: cannot import name 'RBACModulePermission' from 'grc.models' (C:\Users\puttu\Music\GRC-no_rbac_main\backend\grc\models.py)
2025-07-01 18:49:20,685 - grc.rbac.utils - INFO - [RBAC] Found active RBAC record for user 2: role=GRC Administrator
2025-07-01 18:49:20,685 - grc.rbac.utils - INFO - [RBAC] User 2 (GRC Administrator) incident.edit = ALLOWED
2025-07-01 18:49:20,685 - grc.incident_views - INFO - [RBAC PERM CHECK] User 2 checking Incident.edit = True
2025-07-01 18:49:20,685 - grc.incident_views - ERROR - [RBAC PERM CHECK] Error debugging permission check: cannot import name 'RBACModulePermission' from 'grc.models' (C:\Users\puttu\Music\GRC-no_rbac_main\backend\grc\models.py)
2025-07-01 18:49:20,699 - grc.rbac.utils - INFO - [RBAC] Found active RBAC record for user 2: role=GRC Administrator
2025-07-01 18:49:20,702 - grc.rbac.utils - ERROR - [RBAC] Invalid incident permission type: approve
2025-07-01 18:49:20,704 - grc.incident_views - INFO - [RBAC PERM CHECK] User 2 checking Incident.approve = False
2025-07-01 18:49:20,704 - grc.incident_views - ERROR - [RBAC PERM CHECK] Error debugging permission check: cannot import name 'RBACModulePermission' from 'grc.models' (C:\Users\puttu\Music\GRC-no_rbac_main\backend\grc\models.py)
2025-07-01 18:49:20,710 - grc.rbac.utils - INFO - [RBAC] Found active RBAC record for user 2: role=GRC Administrator
2025-07-01 18:49:20,710 - grc.rbac.utils - INFO - [RBAC] User 2 (GRC Administrator) incident.assign = ALLOWED
2025-07-01 18:49:20,716 - grc.incident_views - INFO - [RBAC PERM CHECK] User 2 checking Incident.assign = True
2025-07-01 18:49:20,717 - grc.incident_views - ERROR - [RBAC PERM CHECK] Error debugging permission check: cannot import name 'RBACModulePermission' from 'grc.models' (C:\Users\puttu\Music\GRC-no_rbac_main\backend\grc\models.py)
2025-07-01 18:49:20,717 - grc.incident_views - INFO -    Module Permissions for Incident:
2025-07-01 18:49:20,717 - grc.incident_views - INFO -       View: YES
2025-07-01 18:49:20,718 - grc.incident_views - INFO -       Create: YES
2025-07-01 18:49:20,718 - grc.incident_views - INFO -       Edit: YES
2025-07-01 18:49:20,718 - grc.incident_views - INFO -       Approve: NO
2025-07-01 18:49:20,718 - grc.incident_views - INFO -       Assign: YES
2025-07-01 18:49:20,718 - grc.incident_views - INFO -    Timestamp: 2025-07-01 18:49:20.718458
2025-07-01 18:49:20,718 - grc.incident_views - INFO -    ============================================================
2025-07-01 18:50:13,947 - django.request - ERROR - Internal Server Error: /api/incident/first-response-time/
Traceback (most recent call last):
  File "C:\Users\puttu\AppData\Roaming\Python\Python310\site-packages\django\db\models\sql\query.py", line 1886, in transform
    return self.try_transform(wrapped, name)
  File "C:\Users\puttu\AppData\Roaming\Python\Python310\site-packages\django\db\models\sql\query.py", line 1423, in try_transform
    raise FieldError(
django.core.exceptions.FieldError: Unsupported lookup 'IdentifiedAt' for IntegerField or join on the field not permitted.

During handling of the above exception, another exception occurred:

Traceback (most recent call last):
  File "C:\Users\puttu\AppData\Roaming\Python\Python310\site-packages\django\core\handlers\exception.py", line 55, in inner
    response = get_response(request)
  File "C:\Users\puttu\AppData\Roaming\Python\Python310\site-packages\django\core\handlers\base.py", line 197, in _get_response
    response = wrapped_callback(request, *callback_args, **callback_kwargs)
  File "C:\Users\puttu\Music\GRC-no_rbac_main\backend\grc\kpis_incidents.py", line 1372, in first_response_time
    queryset = queryset.annotate(
  File "C:\Users\puttu\AppData\Roaming\Python\Python310\site-packages\django\db\models\query.py", line 1630, in annotate
    return self._annotate(args, kwargs, select=True)
  File "C:\Users\puttu\AppData\Roaming\Python\Python310\site-packages\django\db\models\query.py", line 1680, in _annotate
    clone.query.add_annotation(
  File "C:\Users\puttu\AppData\Roaming\Python\Python310\site-packages\django\db\models\sql\query.py", line 1194, in add_annotation
    annotation = annotation.resolve_expression(self, allow_joins=True, reuse=None)
  File "C:\Users\puttu\AppData\Roaming\Python\Python310\site-packages\django\db\models\expressions.py", line 895, in resolve_expression
    return query.resolve_ref(self.name, allow_joins, reuse, summarize)
  File "C:\Users\puttu\AppData\Roaming\Python\Python310\site-packages\django\db\models\sql\query.py", line 2026, in resolve_ref
    transform = join_info.transform_function(targets[0], final_alias)
  File "C:\Users\puttu\AppData\Roaming\Python\Python310\site-packages\django\db\models\sql\query.py", line 1890, in transform
    raise last_field_exception
  File "C:\Users\puttu\AppData\Roaming\Python\Python310\site-packages\django\db\models\sql\query.py", line 1863, in setup_joins
    path, final_field, targets, rest = self.names_to_path(
  File "C:\Users\puttu\AppData\Roaming\Python\Python310\site-packages\django\db\models\sql\query.py", line 1805, in names_to_path
    raise FieldError(
django.core.exceptions.FieldError: Cannot resolve keyword 'IdentifiedAt' into field. Join on 'IncidentId' not permitted.
2025-07-01 18:50:15,844 - grc.rbac.utils - WARNING - [RBAC] No user_id found in session
2025-07-01 18:50:15,844 - grc.incident_views - INFO - [RBAC DEBUG] User Access Attempt:
2025-07-01 18:50:15,844 - grc.incident_views - INFO -    User ID: None (could not extract from request)
2025-07-01 18:50:15,844 - grc.incident_views - INFO -    Action: VIEW_RECENT_INCIDENTS
2025-07-01 18:50:15,844 - grc.incident_views - INFO -    Resource: incident (ID: None)
2025-07-01 18:50:15,853 - grc.incident_views - INFO -    IP Address: 127.0.0.1
2025-07-01 18:50:15,853 - grc.incident_views - INFO -    Status: FAILED - No user ID
2025-07-01 18:50:15,855 - grc.incident_views - INFO -    ============================================================
2025-07-01 18:50:15,897 - grc.rbac.utils - WARNING - [RBAC] No user_id found in session
2025-07-01 18:50:15,897 - grc.incident_views - INFO - [RBAC DEBUG] User Access Attempt:
2025-07-01 18:50:15,897 - grc.incident_views - INFO -    User ID: None (could not extract from request)
2025-07-01 18:50:15,897 - grc.incident_views - INFO -    Action: VIEW_INCIDENT_ANALYTICS
2025-07-01 18:50:15,897 - grc.incident_views - INFO -    Resource: incident (ID: None)
2025-07-01 18:50:15,897 - grc.incident_views - INFO -    IP Address: 127.0.0.1
2025-07-01 18:50:15,904 - grc.incident_views - INFO -    Status: FAILED - No user ID
2025-07-01 18:50:15,904 - grc.incident_views - INFO -    ============================================================
2025-07-01 18:51:06,989 - grc.routes.policy - INFO - Successfully retrieved 11 frameworks
2025-07-01 18:51:07,068 - grc.routes.policy - INFO - Successfully retrieved 229 frameworks
2025-07-01 18:51:42,290 - grc.routes.policy - INFO - Successfully retrieved 11 frameworks
2025-07-01 18:51:42,329 - grc.routes.policy - INFO - Successfully retrieved 229 frameworks
2025-07-01 18:51:48,907 - grc.routes.policy - INFO - Successfully retrieved 11 frameworks
2025-07-01 18:51:57,740 - grc.routes.policy - INFO - Successfully retrieved 11 frameworks
2025-07-01 18:52:37,270 - grc.routes.policy - INFO - Successfully retrieved 212 frameworks
2025-07-01 19:00:27,191 - grc.rbac.utils - INFO - [RBAC] Successfully retrieved user_id from session: 2
2025-07-01 19:00:27,191 - grc.incident_views - ERROR - [RBAC] Error getting detailed permissions for user 2: cannot import name 'RBACModulePermission' from 'grc.models' (C:\Users\puttu\Music\GRC-no_rbac_main\backend\grc\models.py)
2025-07-01 19:00:27,191 - grc.incident_views - INFO - [RBAC DEBUG] User Access Attempt:
2025-07-01 19:00:27,191 - grc.incident_views - INFO -    User ID: 2
2025-07-01 19:00:27,191 - grc.incident_views - INFO -    Action: LIST_INCIDENTS
2025-07-01 19:00:27,200 - grc.incident_views - INFO -    Resource: incident (ID: None)
2025-07-01 19:00:27,201 - grc.incident_views - INFO -    IP Address: 127.0.0.1
2025-07-01 19:00:27,201 - grc.incident_views - INFO -    === DETAILED PERMISSIONS FROM DATABASE ===
2025-07-01 19:00:27,202 - grc.incident_views - INFO -    No specific permissions found in database
2025-07-01 19:00:27,204 - grc.rbac.utils - INFO - [RBAC] Found active RBAC record for user 2: role=GRC Administrator
2025-07-01 19:00:27,204 - grc.rbac.utils - INFO - [RBAC] User 2 (GRC Administrator) incident.view = ALLOWED
2025-07-01 19:00:27,204 - grc.incident_views - INFO - [RBAC PERM CHECK] User 2 checking Incident.view = True
2025-07-01 19:00:27,204 - grc.incident_views - ERROR - [RBAC PERM CHECK] Error debugging permission check: cannot import name 'RBACModulePermission' from 'grc.models' (C:\Users\puttu\Music\GRC-no_rbac_main\backend\grc\models.py)
2025-07-01 19:00:27,204 - grc.rbac.utils - INFO - [RBAC] Found active RBAC record for user 2: role=GRC Administrator
2025-07-01 19:00:27,204 - grc.rbac.utils - INFO - [RBAC] User 2 (GRC Administrator) incident.create = ALLOWED
2025-07-01 19:00:27,204 - grc.incident_views - INFO - [RBAC PERM CHECK] User 2 checking Incident.create = True
2025-07-01 19:00:27,204 - grc.incident_views - ERROR - [RBAC PERM CHECK] Error debugging permission check: cannot import name 'RBACModulePermission' from 'grc.models' (C:\Users\puttu\Music\GRC-no_rbac_main\backend\grc\models.py)
2025-07-01 19:00:27,219 - grc.rbac.utils - INFO - [RBAC] Found active RBAC record for user 2: role=GRC Administrator
2025-07-01 19:00:27,219 - grc.rbac.utils - INFO - [RBAC] User 2 (GRC Administrator) incident.edit = ALLOWED
2025-07-01 19:00:27,219 - grc.incident_views - INFO - [RBAC PERM CHECK] User 2 checking Incident.edit = True
2025-07-01 19:00:27,219 - grc.incident_views - ERROR - [RBAC PERM CHECK] Error debugging permission check: cannot import name 'RBACModulePermission' from 'grc.models' (C:\Users\puttu\Music\GRC-no_rbac_main\backend\grc\models.py)
2025-07-01 19:00:27,219 - grc.rbac.utils - INFO - [RBAC] Found active RBAC record for user 2: role=GRC Administrator
2025-07-01 19:00:27,219 - grc.rbac.utils - ERROR - [RBAC] Invalid incident permission type: approve
2025-07-01 19:00:27,219 - grc.incident_views - INFO - [RBAC PERM CHECK] User 2 checking Incident.approve = False
2025-07-01 19:00:27,219 - grc.incident_views - ERROR - [RBAC PERM CHECK] Error debugging permission check: cannot import name 'RBACModulePermission' from 'grc.models' (C:\Users\puttu\Music\GRC-no_rbac_main\backend\grc\models.py)
2025-07-01 19:00:27,235 - grc.rbac.utils - INFO - [RBAC] Found active RBAC record for user 2: role=GRC Administrator
2025-07-01 19:00:27,235 - grc.rbac.utils - INFO - [RBAC] User 2 (GRC Administrator) incident.assign = ALLOWED
2025-07-01 19:00:27,235 - grc.incident_views - INFO - [RBAC PERM CHECK] User 2 checking Incident.assign = True
2025-07-01 19:00:27,235 - grc.incident_views - ERROR - [RBAC PERM CHECK] Error debugging permission check: cannot import name 'RBACModulePermission' from 'grc.models' (C:\Users\puttu\Music\GRC-no_rbac_main\backend\grc\models.py)
2025-07-01 19:00:27,235 - grc.incident_views - INFO -    Module Permissions for Incident:
2025-07-01 19:00:27,241 - grc.incident_views - INFO -       View: YES
2025-07-01 19:00:27,241 - grc.incident_views - INFO -       Create: YES
2025-07-01 19:00:27,241 - grc.incident_views - INFO -       Edit: YES
2025-07-01 19:00:27,241 - grc.incident_views - INFO -       Approve: NO
2025-07-01 19:00:27,241 - grc.incident_views - INFO -       Assign: YES
2025-07-01 19:00:27,241 - grc.incident_views - INFO -    Timestamp: 2025-07-01 19:00:27.241963
2025-07-01 19:00:27,243 - grc.incident_views - INFO -    ============================================================
2025-07-01 19:03:34,091 - grc.routes.policy - INFO - Successfully retrieved 11 frameworks
2025-07-01 19:03:34,129 - grc.routes.policy - INFO - Successfully retrieved 229 frameworks
2025-07-01 19:03:41,364 - grc.routes.policy - INFO - Successfully retrieved 11 frameworks
2025-07-01 19:25:14,852 - grc.routes.policy - INFO - Successfully retrieved 11 frameworks
2025-07-01 19:25:14,920 - grc.routes.policy - INFO - Successfully retrieved 229 frameworks
2025-07-01 19:48:22,881 - django.utils.autoreload - INFO - C:\Users\puttu\Music\GRC-no_rbac_main\backend\grc\routes\policy.py changed, reloading.
2025-07-01 19:48:27,233 - numexpr.utils - INFO - NumExpr defaulting to 8 threads.
2025-07-01 19:48:28,310 - mysql.connector - INFO - package: mysql.connector.plugins
2025-07-01 19:48:28,312 - mysql.connector - INFO - plugin_name: caching_sha2_password
2025-07-01 19:48:28,312 - mysql.connector - INFO - AUTHENTICATION_PLUGIN_CLASS: MySQLCachingSHA2PasswordAuthPlugin
2025-07-01 19:48:36,295 - django.utils.autoreload - INFO - C:\Users\puttu\Music\GRC-no_rbac_main\backend\grc\routes\policy.py changed, reloading.
2025-07-01 19:48:38,890 - numexpr.utils - INFO - NumExpr defaulting to 8 threads.
2025-07-01 19:48:39,369 - mysql.connector - INFO - package: mysql.connector.plugins
2025-07-01 19:48:39,369 - mysql.connector - INFO - plugin_name: caching_sha2_password
2025-07-01 19:48:39,370 - mysql.connector - INFO - AUTHENTICATION_PLUGIN_CLASS: MySQLCachingSHA2PasswordAuthPlugin
2025-07-01 19:49:32,203 - django.utils.autoreload - INFO - C:\Users\puttu\Music\GRC-no_rbac_main\backend\grc\routes\policy.py changed, reloading.
2025-07-01 19:49:34,503 - numexpr.utils - INFO - NumExpr defaulting to 8 threads.
2025-07-01 19:49:35,089 - mysql.connector - INFO - package: mysql.connector.plugins
2025-07-01 19:49:35,089 - mysql.connector - INFO - plugin_name: caching_sha2_password
2025-07-01 19:49:35,089 - mysql.connector - INFO - AUTHENTICATION_PLUGIN_CLASS: MySQLCachingSHA2PasswordAuthPlugin
2025-07-01 19:50:24,886 - django.utils.autoreload - INFO - C:\Users\puttu\Music\GRC-no_rbac_main\backend\grc\urls.py changed, reloading.
2025-07-01 19:50:27,090 - numexpr.utils - INFO - NumExpr defaulting to 8 threads.
2025-07-01 19:50:27,640 - mysql.connector - INFO - package: mysql.connector.plugins
2025-07-01 19:50:27,640 - mysql.connector - INFO - plugin_name: caching_sha2_password
2025-07-01 19:50:27,640 - mysql.connector - INFO - AUTHENTICATION_PLUGIN_CLASS: MySQLCachingSHA2PasswordAuthPlugin
2025-07-01 19:50:34,845 - django.utils.autoreload - INFO - C:\Users\puttu\Music\GRC-no_rbac_main\backend\grc\urls.py changed, reloading.
2025-07-01 19:50:37,067 - numexpr.utils - INFO - NumExpr defaulting to 8 threads.
2025-07-01 19:50:37,527 - mysql.connector - INFO - package: mysql.connector.plugins
2025-07-01 19:50:37,528 - mysql.connector - INFO - plugin_name: caching_sha2_password
2025-07-01 19:50:37,528 - mysql.connector - INFO - AUTHENTICATION_PLUGIN_CLASS: MySQLCachingSHA2PasswordAuthPlugin
2025-07-01 19:54:00,285 - django.utils.autoreload - INFO - C:\Users\puttu\Music\GRC-no_rbac_main\backend\grc\routes\policy.py changed, reloading.
2025-07-01 19:54:03,593 - numexpr.utils - INFO - NumExpr defaulting to 8 threads.
2025-07-01 19:54:04,136 - mysql.connector - INFO - package: mysql.connector.plugins
2025-07-01 19:54:04,145 - mysql.connector - INFO - plugin_name: caching_sha2_password
2025-07-01 19:54:04,145 - mysql.connector - INFO - AUTHENTICATION_PLUGIN_CLASS: MySQLCachingSHA2PasswordAuthPlugin
2025-07-01 20:08:51,280 - django.utils.autoreload - INFO - C:\Users\puttu\Music\GRC-no_rbac_main\backend\grc\routes\policy.py changed, reloading.
2025-07-01 20:08:53,785 - numexpr.utils - INFO - NumExpr defaulting to 8 threads.
2025-07-01 20:08:54,312 - mysql.connector - INFO - package: mysql.connector.plugins
2025-07-01 20:08:54,312 - mysql.connector - INFO - plugin_name: caching_sha2_password
2025-07-01 20:08:54,312 - mysql.connector - INFO - AUTHENTICATION_PLUGIN_CLASS: MySQLCachingSHA2PasswordAuthPlugin
2025-07-01 20:09:00,126 - django.utils.autoreload - INFO - C:\Users\puttu\Music\GRC-no_rbac_main\backend\grc\urls.py changed, reloading.
2025-07-01 20:09:02,544 - numexpr.utils - INFO - NumExpr defaulting to 8 threads.
2025-07-01 20:09:03,077 - mysql.connector - INFO - package: mysql.connector.plugins
2025-07-01 20:09:03,077 - mysql.connector - INFO - plugin_name: caching_sha2_password
2025-07-01 20:09:03,077 - mysql.connector - INFO - AUTHENTICATION_PLUGIN_CLASS: MySQLCachingSHA2PasswordAuthPlugin
2025-07-01 20:09:11,607 - django.utils.autoreload - INFO - C:\Users\puttu\Music\GRC-no_rbac_main\backend\grc\urls.py changed, reloading.
2025-07-01 20:09:13,602 - numexpr.utils - INFO - NumExpr defaulting to 8 threads.
2025-07-01 20:09:14,221 - mysql.connector - INFO - package: mysql.connector.plugins
2025-07-01 20:09:14,222 - mysql.connector - INFO - plugin_name: caching_sha2_password
2025-07-01 20:09:14,222 - mysql.connector - INFO - AUTHENTICATION_PLUGIN_CLASS: MySQLCachingSHA2PasswordAuthPlugin
2025-07-01 20:11:13,093 - django.utils.autoreload - INFO - C:\Users\puttu\Music\GRC-no_rbac_main\backend\grc\routes\policy.py changed, reloading.
2025-07-01 20:11:17,282 - numexpr.utils - INFO - NumExpr defaulting to 8 threads.
2025-07-01 20:11:17,882 - mysql.connector - INFO - package: mysql.connector.plugins
2025-07-01 20:11:17,882 - mysql.connector - INFO - plugin_name: caching_sha2_password
2025-07-01 20:11:17,882 - mysql.connector - INFO - AUTHENTICATION_PLUGIN_CLASS: MySQLCachingSHA2PasswordAuthPlugin
2025-07-01 20:11:44,101 - django.request - ERROR - Internal Server Error: /api/policies-paginated/
2025-07-01 20:11:44,114 - django.request - ERROR - Internal Server Error: /api/policies-paginated/
2025-07-01 20:11:44,143 - django.request - ERROR - Internal Server Error: /api/policies-paginated/
2025-07-01 20:13:09,985 - django.utils.autoreload - INFO - C:\Users\puttu\Music\GRC-no_rbac_main\backend\grc\routes\policy.py changed, reloading.
2025-07-01 20:13:12,702 - numexpr.utils - INFO - NumExpr defaulting to 8 threads.
2025-07-01 20:13:13,260 - mysql.connector - INFO - package: mysql.connector.plugins
2025-07-01 20:13:13,260 - mysql.connector - INFO - plugin_name: caching_sha2_password
2025-07-01 20:13:13,260 - mysql.connector - INFO - AUTHENTICATION_PLUGIN_CLASS: MySQLCachingSHA2PasswordAuthPlugin
2025-07-01 20:14:13,810 - django.utils.autoreload - INFO - C:\Users\puttu\Music\GRC-no_rbac_main\backend\grc\routes\policy.py changed, reloading.
2025-07-01 20:14:16,202 - numexpr.utils - INFO - NumExpr defaulting to 8 threads.
2025-07-01 20:14:16,733 - mysql.connector - INFO - package: mysql.connector.plugins
2025-07-01 20:14:16,733 - mysql.connector - INFO - plugin_name: caching_sha2_password
2025-07-01 20:14:16,733 - mysql.connector - INFO - AUTHENTICATION_PLUGIN_CLASS: MySQLCachingSHA2PasswordAuthPlugin
2025-07-01 20:14:47,135 - django.utils.autoreload - INFO - C:\Users\puttu\Music\GRC-no_rbac_main\backend\grc\routes\policy.py changed, reloading.
2025-07-01 20:14:50,091 - numexpr.utils - INFO - NumExpr defaulting to 8 threads.
2025-07-01 20:14:50,766 - mysql.connector - INFO - package: mysql.connector.plugins
2025-07-01 20:14:50,766 - mysql.connector - INFO - plugin_name: caching_sha2_password
2025-07-01 20:14:50,777 - mysql.connector - INFO - AUTHENTICATION_PLUGIN_CLASS: MySQLCachingSHA2PasswordAuthPlugin
2025-07-01 20:15:14,190 - grc.routes.policy - INFO - Successfully retrieved 11 frameworks
2025-07-01 20:15:14,310 - grc.routes.policy - INFO - Successfully retrieved 229 frameworks
2025-07-01 20:20:33,376 - grc.routes.policy - INFO - Successfully retrieved 11 frameworks
2025-07-01 20:20:33,473 - grc.routes.policy - INFO - Successfully retrieved 229 frameworks
2025-07-01 20:21:35,319 - grc.routes.policy - INFO - Successfully retrieved 11 frameworks
2025-07-01 20:21:35,367 - grc.routes.policy - INFO - Successfully retrieved 229 frameworks
