INFO 2025-07-01 23:07:22,370 utils 5824 19944 [RBAC] Successfully retrieved user_id from session: 2
INFO 2025-07-01 23:07:22,384 utils 5824 19944 [RBAC] Found active RBAC record for user 2: role=GRC Administrator
INFO 2025-07-01 23:07:22,386 utils 5824 19944 [RBAC] User 2 (GRC Administrator) incident.view = ALLOWED
INFO 2025-07-01 23:07:22,390 utils 5824 19944 [RBAC] Found active RBAC record for user 2: role=GRC Administrator
INFO 2025-07-01 23:07:22,391 utils 5824 19944 [RBAC] User 2 (GRC Administrator) incident.create = ALLOWED
INFO 2025-07-01 23:07:22,395 utils 5824 19944 [RBAC] Found active RBAC record for user 2: role=GRC Administrator
INFO 2025-07-01 23:07:22,396 utils 5824 19944 [RBAC] User 2 (GRC Administrator) incident.edit = ALLOWED
INFO 2025-07-01 23:07:22,401 utils 5824 19944 [RBAC] Found active RBAC record for user 2: role=GRC Administrator
ERROR 2025-07-01 23:07:22,402 utils 5824 19944 [RBAC] Invalid incident permission type: approve
INFO 2025-07-01 23:07:22,405 utils 5824 19944 [RBAC] Found active RBAC record for user 2: role=GRC Administrator
INFO 2025-07-01 23:07:22,406 utils 5824 19944 [RBAC] User 2 (GRC Administrator) incident.assign = ALLOWED
INFO 2025-07-01 23:12:42,589 utils 5824 21464 [RBAC] Successfully retrieved user_id from session: 2
INFO 2025-07-01 23:12:42,601 utils 5824 21464 [RBAC] Found active RBAC record for user 2: role=GRC Administrator
INFO 2025-07-01 23:12:42,602 utils 5824 21464 [RBAC] User 2 (GRC Administrator) incident.view = ALLOWED
INFO 2025-07-01 23:12:42,602 utils 5824 21464 [RBAC] Found active RBAC record for user 2: role=GRC Administrator
INFO 2025-07-01 23:12:42,602 utils 5824 21464 [RBAC] User 2 (GRC Administrator) incident.create = ALLOWED
INFO 2025-07-01 23:12:42,602 utils 5824 21464 [RBAC] Found active RBAC record for user 2: role=GRC Administrator
INFO 2025-07-01 23:12:42,602 utils 5824 21464 [RBAC] User 2 (GRC Administrator) incident.edit = ALLOWED
INFO 2025-07-01 23:12:42,619 utils 5824 21464 [RBAC] Found active RBAC record for user 2: role=GRC Administrator
ERROR 2025-07-01 23:12:42,619 utils 5824 21464 [RBAC] Invalid incident permission type: approve
INFO 2025-07-01 23:12:42,619 utils 5824 21464 [RBAC] Found active RBAC record for user 2: role=GRC Administrator
INFO 2025-07-01 23:12:42,619 utils 5824 21464 [RBAC] User 2 (GRC Administrator) incident.assign = ALLOWED
INFO 2025-07-01 23:58:52,076 utils 23312 17112 [RBAC] Successfully retrieved user_id from session: 2
INFO 2025-07-02 00:35:44,389 utils 26920 26156 [RBAC] ===== USER LOGIN PERMISSIONS AUDIT =====
INFO 2025-07-02 00:35:44,399 utils 26920 26156 [RBAC] Found active RBAC record for user 2: role=GRC Administrator
INFO 2025-07-02 00:35:44,400 utils 26920 26156 [RBAC] User ID: 2
INFO 2025-07-02 00:35:44,401 utils 26920 26156 [RBAC] Username: vikram.patel
INFO 2025-07-02 00:35:44,402 utils 26920 26156 [RBAC] Role: GRC Administrator
INFO 2025-07-02 00:35:44,402 utils 26920 26156 [RBAC] Account Status: ACTIVE
INFO 2025-07-02 00:35:44,403 utils 26920 26156 [RBAC] Login Time: 2025-07-02 00:35:44.403856
INFO 2025-07-02 00:35:44,404 utils 26920 26156 [RBAC] 
INFO 2025-07-02 00:35:44,405 utils 26920 26156 [RBAC] === INCIDENT MODULE PERMISSIONS ===
INFO 2025-07-02 00:35:44,406 utils 26920 26156 [RBAC] Create Incidents: YES
INFO 2025-07-02 00:35:44,407 utils 26920 26156 [RBAC] View All Incidents: YES
INFO 2025-07-02 00:35:44,409 utils 26920 26156 [RBAC] Edit Incidents: YES
INFO 2025-07-02 00:35:44,409 utils 26920 26156 [RBAC] Assign Incidents: YES
INFO 2025-07-02 00:35:44,410 utils 26920 26156 [RBAC] Evaluate Assigned Incidents: YES
INFO 2025-07-02 00:35:44,410 utils 26920 26156 [RBAC] Escalate to Risk: YES
INFO 2025-07-02 00:35:44,411 utils 26920 26156 [RBAC] Incident Analytics: YES
INFO 2025-07-02 00:35:44,411 utils 26920 26156 [RBAC] === POLICY MODULE PERMISSIONS ===
INFO 2025-07-02 00:35:44,412 utils 26920 26156 [RBAC] Create Policy: YES
INFO 2025-07-02 00:35:44,412 utils 26920 26156 [RBAC] View All Policy: YES
INFO 2025-07-02 00:35:44,413 utils 26920 26156 [RBAC] Edit Policy: YES
INFO 2025-07-02 00:35:44,415 utils 26920 26156 [RBAC] Approve Policy: YES
INFO 2025-07-02 00:35:44,416 utils 26920 26156 [RBAC] Create Framework: YES
INFO 2025-07-02 00:35:44,416 utils 26920 26156 [RBAC] Approve Framework: YES
INFO 2025-07-02 00:35:44,418 utils 26920 26156 [RBAC] Policy Analytics: YES
INFO 2025-07-02 00:35:44,418 utils 26920 26156 [RBAC] === AUDIT MODULE PERMISSIONS ===
INFO 2025-07-02 00:35:44,419 utils 26920 26156 [RBAC] Assign Audit: YES
INFO 2025-07-02 00:35:44,421 utils 26920 26156 [RBAC] Conduct Audit: YES
INFO 2025-07-02 00:35:44,421 utils 26920 26156 [RBAC] Review Audit: YES
INFO 2025-07-02 00:35:44,422 utils 26920 26156 [RBAC] View Audit Reports: YES
INFO 2025-07-02 00:35:44,422 utils 26920 26156 [RBAC] Audit Analytics: YES
INFO 2025-07-02 00:35:44,423 utils 26920 26156 [RBAC] === RISK MODULE PERMISSIONS ===
INFO 2025-07-02 00:35:44,424 utils 26920 26156 [RBAC] Create Risk: YES
INFO 2025-07-02 00:35:44,425 utils 26920 26156 [RBAC] View All Risk: YES
INFO 2025-07-02 00:35:44,425 utils 26920 26156 [RBAC] Edit Risk: YES
INFO 2025-07-02 00:35:44,426 utils 26920 26156 [RBAC] Approve Risk: YES
INFO 2025-07-02 00:35:44,427 utils 26920 26156 [RBAC] Assign Risk: YES
INFO 2025-07-02 00:35:44,427 utils 26920 26156 [RBAC] Evaluate Assigned Risk: YES
INFO 2025-07-02 00:35:44,428 utils 26920 26156 [RBAC] Risk Analytics: YES
INFO 2025-07-02 00:35:44,429 utils 26920 26156 [RBAC] === COMPLIANCE MODULE PERMISSIONS ===
INFO 2025-07-02 00:35:44,429 utils 26920 26156 [RBAC] Create Compliance: YES
INFO 2025-07-02 00:35:44,430 utils 26920 26156 [RBAC] View All Compliance: YES
INFO 2025-07-02 00:35:44,432 utils 26920 26156 [RBAC] Edit Compliance: YES
INFO 2025-07-02 00:35:44,433 utils 26920 26156 [RBAC] Approve Compliance: YES
INFO 2025-07-02 00:35:44,434 utils 26920 26156 [RBAC] Compliance Analytics: YES
INFO 2025-07-02 00:35:44,434 utils 26920 26156 [RBAC] ===============================================
INFO 2025-07-02 00:38:57,061 utils 26920 26156 [RBAC] ===== USER LOGIN PERMISSIONS AUDIT =====
INFO 2025-07-02 00:38:57,065 utils 26920 26156 [RBAC] Found active RBAC record for user 4: role=Compliance Manager
INFO 2025-07-02 00:38:57,065 utils 26920 26156 [RBAC] User ID: 4
INFO 2025-07-02 00:38:57,066 utils 26920 26156 [RBAC] Username: comp.anita.singh
INFO 2025-07-02 00:38:57,068 utils 26920 26156 [RBAC] Role: Compliance Manager
INFO 2025-07-02 00:38:57,068 utils 26920 26156 [RBAC] Account Status: ACTIVE
INFO 2025-07-02 00:38:57,068 utils 26920 26156 [RBAC] Login Time: 2025-07-02 00:38:57.068941
INFO 2025-07-02 00:38:57,068 utils 26920 26156 [RBAC] 
INFO 2025-07-02 00:38:57,070 utils 26920 26156 [RBAC] === INCIDENT MODULE PERMISSIONS ===
INFO 2025-07-02 00:38:57,071 utils 26920 26156 [RBAC] Create Incidents: NO
INFO 2025-07-02 00:38:57,072 utils 26920 26156 [RBAC] View All Incidents: NO
INFO 2025-07-02 00:38:57,072 utils 26920 26156 [RBAC] Edit Incidents: NO
INFO 2025-07-02 00:38:57,073 utils 26920 26156 [RBAC] Assign Incidents: NO
INFO 2025-07-02 00:38:57,075 utils 26920 26156 [RBAC] Evaluate Assigned Incidents: NO
INFO 2025-07-02 00:38:57,076 utils 26920 26156 [RBAC] Escalate to Risk: NO
INFO 2025-07-02 00:38:57,076 utils 26920 26156 [RBAC] Incident Analytics: NO
INFO 2025-07-02 00:38:57,077 utils 26920 26156 [RBAC] === POLICY MODULE PERMISSIONS ===
INFO 2025-07-02 00:38:57,077 utils 26920 26156 [RBAC] Create Policy: NO
INFO 2025-07-02 00:38:57,078 utils 26920 26156 [RBAC] View All Policy: NO
INFO 2025-07-02 00:38:57,078 utils 26920 26156 [RBAC] Edit Policy: NO
INFO 2025-07-02 00:38:57,079 utils 26920 26156 [RBAC] Approve Policy: NO
INFO 2025-07-02 00:38:57,080 utils 26920 26156 [RBAC] Create Framework: NO
INFO 2025-07-02 00:38:57,080 utils 26920 26156 [RBAC] Approve Framework: NO
INFO 2025-07-02 00:38:57,081 utils 26920 26156 [RBAC] Policy Analytics: NO
INFO 2025-07-02 00:38:57,082 utils 26920 26156 [RBAC] === AUDIT MODULE PERMISSIONS ===
INFO 2025-07-02 00:38:57,082 utils 26920 26156 [RBAC] Assign Audit: NO
INFO 2025-07-02 00:38:57,083 utils 26920 26156 [RBAC] Conduct Audit: NO
INFO 2025-07-02 00:38:57,083 utils 26920 26156 [RBAC] Review Audit: NO
INFO 2025-07-02 00:38:57,084 utils 26920 26156 [RBAC] View Audit Reports: NO
INFO 2025-07-02 00:38:57,084 utils 26920 26156 [RBAC] Audit Analytics: NO
INFO 2025-07-02 00:38:57,085 utils 26920 26156 [RBAC] === RISK MODULE PERMISSIONS ===
INFO 2025-07-02 00:38:57,085 utils 26920 26156 [RBAC] Create Risk: NO
INFO 2025-07-02 00:38:57,085 utils 26920 26156 [RBAC] View All Risk: NO
INFO 2025-07-02 00:38:57,087 utils 26920 26156 [RBAC] Edit Risk: NO
INFO 2025-07-02 00:38:57,088 utils 26920 26156 [RBAC] Approve Risk: NO
INFO 2025-07-02 00:38:57,088 utils 26920 26156 [RBAC] Assign Risk: NO
INFO 2025-07-02 00:38:57,088 utils 26920 26156 [RBAC] Evaluate Assigned Risk: NO
INFO 2025-07-02 00:38:57,089 utils 26920 26156 [RBAC] Risk Analytics: NO
INFO 2025-07-02 00:38:57,089 utils 26920 26156 [RBAC] === COMPLIANCE MODULE PERMISSIONS ===
INFO 2025-07-02 00:38:57,090 utils 26920 26156 [RBAC] Create Compliance: YES
INFO 2025-07-02 00:38:57,090 utils 26920 26156 [RBAC] View All Compliance: YES
INFO 2025-07-02 00:38:57,091 utils 26920 26156 [RBAC] Edit Compliance: YES
INFO 2025-07-02 00:38:57,091 utils 26920 26156 [RBAC] Approve Compliance: YES
INFO 2025-07-02 00:38:57,091 utils 26920 26156 [RBAC] Compliance Analytics: YES
INFO 2025-07-02 00:38:57,092 utils 26920 26156 [RBAC] ===============================================
INFO 2025-07-02 00:42:26,405 utils 26920 27504 [RBAC] ===== USER LOGIN PERMISSIONS AUDIT =====
INFO 2025-07-02 00:42:26,410 utils 26920 27504 [RBAC] Found active RBAC record for user 1: role=GRC Administrator
INFO 2025-07-02 00:42:26,412 utils 26920 27504 [RBAC] User ID: 1
INFO 2025-07-02 00:42:26,412 utils 26920 27504 [RBAC] Username: radha.sharma
INFO 2025-07-02 00:42:26,413 utils 26920 27504 [RBAC] Role: GRC Administrator
INFO 2025-07-02 00:42:26,415 utils 26920 27504 [RBAC] Account Status: ACTIVE
INFO 2025-07-02 00:42:26,415 utils 26920 27504 [RBAC] Login Time: 2025-07-02 00:42:26.415003
INFO 2025-07-02 00:42:26,416 utils 26920 27504 [RBAC] 
INFO 2025-07-02 00:42:26,417 utils 26920 27504 [RBAC] === INCIDENT MODULE PERMISSIONS ===
INFO 2025-07-02 00:42:26,417 utils 26920 27504 [RBAC] Create Incidents: YES
INFO 2025-07-02 00:42:26,418 utils 26920 27504 [RBAC] View All Incidents: YES
INFO 2025-07-02 00:42:26,419 utils 26920 27504 [RBAC] Edit Incidents: YES
INFO 2025-07-02 00:42:26,420 utils 26920 27504 [RBAC] Assign Incidents: YES
INFO 2025-07-02 00:42:26,420 utils 26920 27504 [RBAC] Evaluate Assigned Incidents: YES
INFO 2025-07-02 00:42:26,421 utils 26920 27504 [RBAC] Escalate to Risk: YES
INFO 2025-07-02 00:42:26,422 utils 26920 27504 [RBAC] Incident Analytics: YES
INFO 2025-07-02 00:42:26,422 utils 26920 27504 [RBAC] === POLICY MODULE PERMISSIONS ===
INFO 2025-07-02 00:42:26,423 utils 26920 27504 [RBAC] Create Policy: YES
INFO 2025-07-02 00:42:26,424 utils 26920 27504 [RBAC] View All Policy: YES
INFO 2025-07-02 00:42:26,424 utils 26920 27504 [RBAC] Edit Policy: YES
INFO 2025-07-02 00:42:26,425 utils 26920 27504 [RBAC] Approve Policy: YES
INFO 2025-07-02 00:42:26,425 utils 26920 27504 [RBAC] Create Framework: YES
INFO 2025-07-02 00:42:26,425 utils 26920 27504 [RBAC] Approve Framework: YES
INFO 2025-07-02 00:42:26,426 utils 26920 27504 [RBAC] Policy Analytics: YES
INFO 2025-07-02 00:42:26,426 utils 26920 27504 [RBAC] === AUDIT MODULE PERMISSIONS ===
INFO 2025-07-02 00:42:26,427 utils 26920 27504 [RBAC] Assign Audit: YES
INFO 2025-07-02 00:42:26,427 utils 26920 27504 [RBAC] Conduct Audit: YES
INFO 2025-07-02 00:42:26,428 utils 26920 27504 [RBAC] Review Audit: YES
INFO 2025-07-02 00:42:26,429 utils 26920 27504 [RBAC] View Audit Reports: YES
INFO 2025-07-02 00:42:26,429 utils 26920 27504 [RBAC] Audit Analytics: YES
INFO 2025-07-02 00:42:26,430 utils 26920 27504 [RBAC] === RISK MODULE PERMISSIONS ===
INFO 2025-07-02 00:42:26,431 utils 26920 27504 [RBAC] Create Risk: YES
INFO 2025-07-02 00:42:26,431 utils 26920 27504 [RBAC] View All Risk: YES
INFO 2025-07-02 00:42:26,431 utils 26920 27504 [RBAC] Edit Risk: YES
INFO 2025-07-02 00:42:26,432 utils 26920 27504 [RBAC] Approve Risk: YES
INFO 2025-07-02 00:42:26,432 utils 26920 27504 [RBAC] Assign Risk: YES
INFO 2025-07-02 00:42:26,432 utils 26920 27504 [RBAC] Evaluate Assigned Risk: YES
INFO 2025-07-02 00:42:26,433 utils 26920 27504 [RBAC] Risk Analytics: YES
INFO 2025-07-02 00:42:26,433 utils 26920 27504 [RBAC] === COMPLIANCE MODULE PERMISSIONS ===
INFO 2025-07-02 00:42:26,434 utils 26920 27504 [RBAC] Create Compliance: YES
INFO 2025-07-02 00:42:26,434 utils 26920 27504 [RBAC] View All Compliance: YES
INFO 2025-07-02 00:42:26,435 utils 26920 27504 [RBAC] Edit Compliance: YES
INFO 2025-07-02 00:42:26,435 utils 26920 27504 [RBAC] Approve Compliance: YES
INFO 2025-07-02 00:42:26,437 utils 26920 27504 [RBAC] Compliance Analytics: YES
INFO 2025-07-02 00:42:26,437 utils 26920 27504 [RBAC] ===============================================
INFO 2025-07-02 06:18:45,188 utils 25416 20048 [RBAC] Successfully retrieved user_id from session: 1
INFO 2025-07-02 06:18:45,243 utils 25416 20048 [RBAC] Found active RBAC record for user 1: role=GRC Administrator
INFO 2025-07-02 06:18:45,244 utils 25416 20048 [RBAC] User 1 (GRC Administrator) incident.view = ALLOWED
INFO 2025-07-02 06:18:45,248 utils 25416 20048 [RBAC] Found active RBAC record for user 1: role=GRC Administrator
INFO 2025-07-02 06:18:45,249 utils 25416 20048 [RBAC] User 1 (GRC Administrator) incident.create = ALLOWED
INFO 2025-07-02 06:18:45,251 utils 25416 20048 [RBAC] Found active RBAC record for user 1: role=GRC Administrator
INFO 2025-07-02 06:18:45,251 utils 25416 20048 [RBAC] User 1 (GRC Administrator) incident.edit = ALLOWED
INFO 2025-07-02 06:18:45,251 utils 25416 20048 [RBAC] Found active RBAC record for user 1: role=GRC Administrator
ERROR 2025-07-02 06:18:45,251 utils 25416 20048 [RBAC] Invalid incident permission type: approve
INFO 2025-07-02 06:18:45,269 utils 25416 20048 [RBAC] Found active RBAC record for user 1: role=GRC Administrator
INFO 2025-07-02 06:18:45,271 utils 25416 20048 [RBAC] User 1 (GRC Administrator) incident.assign = ALLOWED
INFO 2025-07-02 06:20:22,028 utils 25416 27460 [RBAC] Successfully retrieved user_id from session: 1
INFO 2025-07-02 06:20:22,037 utils 25416 27460 [RBAC] Found active RBAC record for user 1: role=GRC Administrator
INFO 2025-07-02 06:20:22,038 utils 25416 27460 [RBAC] User 1 (GRC Administrator) incident.view = ALLOWED
INFO 2025-07-02 06:20:22,043 utils 25416 27460 [RBAC] Found active RBAC record for user 1: role=GRC Administrator
INFO 2025-07-02 06:20:22,044 utils 25416 27460 [RBAC] User 1 (GRC Administrator) incident.create = ALLOWED
INFO 2025-07-02 06:20:22,049 utils 25416 27460 [RBAC] Found active RBAC record for user 1: role=GRC Administrator
INFO 2025-07-02 06:20:22,050 utils 25416 27460 [RBAC] User 1 (GRC Administrator) incident.edit = ALLOWED
INFO 2025-07-02 06:20:22,054 utils 25416 27460 [RBAC] Found active RBAC record for user 1: role=GRC Administrator
ERROR 2025-07-02 06:20:22,055 utils 25416 27460 [RBAC] Invalid incident permission type: approve
INFO 2025-07-02 06:20:22,059 utils 25416 27460 [RBAC] Found active RBAC record for user 1: role=GRC Administrator
INFO 2025-07-02 06:20:22,061 utils 25416 27460 [RBAC] User 1 (GRC Administrator) incident.assign = ALLOWED
INFO 2025-07-02 06:20:25,721 utils 25416 27460 [RBAC] Successfully retrieved user_id from session: 1
INFO 2025-07-02 06:20:25,727 utils 25416 27460 [RBAC] Found active RBAC record for user 1: role=GRC Administrator
INFO 2025-07-02 06:20:25,729 utils 25416 27460 [RBAC] User 1 (GRC Administrator) incident.view = ALLOWED
INFO 2025-07-02 06:20:25,732 utils 25416 27460 [RBAC] Found active RBAC record for user 1: role=GRC Administrator
INFO 2025-07-02 06:20:25,735 utils 25416 27460 [RBAC] User 1 (GRC Administrator) incident.create = ALLOWED
INFO 2025-07-02 06:20:25,740 utils 25416 27460 [RBAC] Found active RBAC record for user 1: role=GRC Administrator
INFO 2025-07-02 06:20:25,742 utils 25416 27460 [RBAC] User 1 (GRC Administrator) incident.edit = ALLOWED
INFO 2025-07-02 06:20:25,750 utils 25416 27460 [RBAC] Found active RBAC record for user 1: role=GRC Administrator
ERROR 2025-07-02 06:20:25,755 utils 25416 27460 [RBAC] Invalid incident permission type: approve
INFO 2025-07-02 06:20:25,759 utils 25416 27460 [RBAC] Found active RBAC record for user 1: role=GRC Administrator
INFO 2025-07-02 06:20:25,761 utils 25416 27460 [RBAC] User 1 (GRC Administrator) incident.assign = ALLOWED
INFO 2025-07-02 06:22:29,962 utils 25416 27460 [RBAC] Successfully retrieved user_id from session: 1
INFO 2025-07-02 06:22:29,969 utils 25416 27460 [RBAC] Found active RBAC record for user 1: role=GRC Administrator
INFO 2025-07-02 06:22:29,970 utils 25416 27460 [RBAC] User 1 (GRC Administrator) incident.view = ALLOWED
INFO 2025-07-02 06:22:29,971 utils 25416 27460 [RBAC] Found active RBAC record for user 1: role=GRC Administrator
INFO 2025-07-02 06:22:29,971 utils 25416 27460 [RBAC] User 1 (GRC Administrator) incident.create = ALLOWED
INFO 2025-07-02 06:22:29,971 utils 25416 27460 [RBAC] Found active RBAC record for user 1: role=GRC Administrator
INFO 2025-07-02 06:22:29,971 utils 25416 27460 [RBAC] User 1 (GRC Administrator) incident.edit = ALLOWED
INFO 2025-07-02 06:22:29,986 utils 25416 27460 [RBAC] Found active RBAC record for user 1: role=GRC Administrator
ERROR 2025-07-02 06:22:29,986 utils 25416 27460 [RBAC] Invalid incident permission type: approve
INFO 2025-07-02 06:22:29,986 utils 25416 27460 [RBAC] Found active RBAC record for user 1: role=GRC Administrator
INFO 2025-07-02 06:22:29,986 utils 25416 27460 [RBAC] User 1 (GRC Administrator) incident.assign = ALLOWED
INFO 2025-07-02 06:24:54,863 utils 25416 27460 [RBAC] Successfully retrieved user_id from session: 1
INFO 2025-07-02 06:24:54,871 utils 25416 27460 [RBAC] Found active RBAC record for user 1: role=GRC Administrator
INFO 2025-07-02 06:24:54,873 utils 25416 27460 [RBAC] User 1 (GRC Administrator) incident.view = ALLOWED
INFO 2025-07-02 06:24:54,878 utils 25416 27460 [RBAC] Found active RBAC record for user 1: role=GRC Administrator
INFO 2025-07-02 06:24:54,883 utils 25416 27460 [RBAC] User 1 (GRC Administrator) incident.create = ALLOWED
INFO 2025-07-02 06:24:54,891 utils 25416 27460 [RBAC] Found active RBAC record for user 1: role=GRC Administrator
INFO 2025-07-02 06:24:54,894 utils 25416 27460 [RBAC] User 1 (GRC Administrator) incident.edit = ALLOWED
INFO 2025-07-02 06:24:54,899 utils 25416 27460 [RBAC] Found active RBAC record for user 1: role=GRC Administrator
ERROR 2025-07-02 06:24:54,901 utils 25416 27460 [RBAC] Invalid incident permission type: approve
INFO 2025-07-02 06:24:54,906 utils 25416 27460 [RBAC] Found active RBAC record for user 1: role=GRC Administrator
INFO 2025-07-02 06:24:54,907 utils 25416 27460 [RBAC] User 1 (GRC Administrator) incident.assign = ALLOWED
INFO 2025-07-02 06:25:17,634 utils 25416 27460 [RBAC] Successfully retrieved user_id from session: 1
INFO 2025-07-02 06:25:17,644 utils 25416 27460 [RBAC] Found active RBAC record for user 1: role=GRC Administrator
INFO 2025-07-02 06:25:17,647 utils 25416 27460 [RBAC] User 1 (GRC Administrator) incident.view = ALLOWED
INFO 2025-07-02 06:25:17,652 utils 25416 27460 [RBAC] Found active RBAC record for user 1: role=GRC Administrator
INFO 2025-07-02 06:25:17,652 utils 25416 27460 [RBAC] User 1 (GRC Administrator) incident.create = ALLOWED
INFO 2025-07-02 06:25:17,658 utils 25416 27460 [RBAC] Found active RBAC record for user 1: role=GRC Administrator
INFO 2025-07-02 06:25:17,658 utils 25416 27460 [RBAC] User 1 (GRC Administrator) incident.edit = ALLOWED
INFO 2025-07-02 06:25:17,663 utils 25416 27460 [RBAC] Found active RBAC record for user 1: role=GRC Administrator
ERROR 2025-07-02 06:25:17,663 utils 25416 27460 [RBAC] Invalid incident permission type: approve
INFO 2025-07-02 06:25:17,663 utils 25416 27460 [RBAC] Found active RBAC record for user 1: role=GRC Administrator
INFO 2025-07-02 06:25:17,671 utils 25416 27460 [RBAC] User 1 (GRC Administrator) incident.assign = ALLOWED
INFO 2025-07-02 06:49:12,983 utils 352 29428 [RBAC] ===== USER LOGIN PERMISSIONS AUDIT =====
INFO 2025-07-02 06:49:13,001 utils 352 29428 [RBAC] Found active RBAC record for user 1: role=GRC Administrator
INFO 2025-07-02 06:49:13,002 utils 352 29428 [RBAC] User ID: 1
INFO 2025-07-02 06:49:13,003 utils 352 29428 [RBAC] Username: radha.sharma
INFO 2025-07-02 06:49:13,004 utils 352 29428 [RBAC] Role: GRC Administrator
INFO 2025-07-02 06:49:13,007 utils 352 29428 [RBAC] Account Status: ACTIVE
INFO 2025-07-02 06:49:13,009 utils 352 29428 [RBAC] Login Time: 2025-07-02 06:49:13.009402
INFO 2025-07-02 06:49:13,010 utils 352 29428 [RBAC] 
INFO 2025-07-02 06:49:13,012 utils 352 29428 [RBAC] === INCIDENT MODULE PERMISSIONS ===
INFO 2025-07-02 06:49:13,012 utils 352 29428 [RBAC] Create Incidents: YES
INFO 2025-07-02 06:49:13,013 utils 352 29428 [RBAC] View All Incidents: YES
INFO 2025-07-02 06:49:13,014 utils 352 29428 [RBAC] Edit Incidents: YES
INFO 2025-07-02 06:49:13,015 utils 352 29428 [RBAC] Assign Incidents: YES
INFO 2025-07-02 06:49:13,016 utils 352 29428 [RBAC] Evaluate Assigned Incidents: YES
INFO 2025-07-02 06:49:13,017 utils 352 29428 [RBAC] Escalate to Risk: YES
INFO 2025-07-02 06:49:13,019 utils 352 29428 [RBAC] Incident Analytics: YES
INFO 2025-07-02 06:49:13,021 utils 352 29428 [RBAC] === POLICY MODULE PERMISSIONS ===
INFO 2025-07-02 06:49:13,022 utils 352 29428 [RBAC] Create Policy: YES
INFO 2025-07-02 06:49:13,023 utils 352 29428 [RBAC] View All Policy: YES
INFO 2025-07-02 06:49:13,024 utils 352 29428 [RBAC] Edit Policy: YES
INFO 2025-07-02 06:49:13,025 utils 352 29428 [RBAC] Approve Policy: YES
INFO 2025-07-02 06:49:13,026 utils 352 29428 [RBAC] Create Framework: YES
INFO 2025-07-02 06:49:13,027 utils 352 29428 [RBAC] Approve Framework: YES
INFO 2025-07-02 06:49:13,028 utils 352 29428 [RBAC] Policy Analytics: YES
INFO 2025-07-02 06:49:13,029 utils 352 29428 [RBAC] === AUDIT MODULE PERMISSIONS ===
INFO 2025-07-02 06:49:13,029 utils 352 29428 [RBAC] Assign Audit: YES
INFO 2025-07-02 06:49:13,029 utils 352 29428 [RBAC] Conduct Audit: YES
INFO 2025-07-02 06:49:13,029 utils 352 29428 [RBAC] Review Audit: YES
INFO 2025-07-02 06:49:13,029 utils 352 29428 [RBAC] View Audit Reports: YES
INFO 2025-07-02 06:49:13,029 utils 352 29428 [RBAC] Audit Analytics: YES
INFO 2025-07-02 06:49:13,029 utils 352 29428 [RBAC] === RISK MODULE PERMISSIONS ===
INFO 2025-07-02 06:49:13,029 utils 352 29428 [RBAC] Create Risk: YES
INFO 2025-07-02 06:49:13,029 utils 352 29428 [RBAC] View All Risk: YES
INFO 2025-07-02 06:49:13,029 utils 352 29428 [RBAC] Edit Risk: YES
INFO 2025-07-02 06:49:13,029 utils 352 29428 [RBAC] Approve Risk: YES
INFO 2025-07-02 06:49:13,029 utils 352 29428 [RBAC] Assign Risk: YES
INFO 2025-07-02 06:49:13,044 utils 352 29428 [RBAC] Evaluate Assigned Risk: YES
INFO 2025-07-02 06:49:13,044 utils 352 29428 [RBAC] Risk Analytics: YES
INFO 2025-07-02 06:49:13,044 utils 352 29428 [RBAC] === COMPLIANCE MODULE PERMISSIONS ===
INFO 2025-07-02 06:49:13,044 utils 352 29428 [RBAC] Create Compliance: YES
INFO 2025-07-02 06:49:13,044 utils 352 29428 [RBAC] View All Compliance: YES
INFO 2025-07-02 06:49:13,044 utils 352 29428 [RBAC] Edit Compliance: YES
INFO 2025-07-02 06:49:13,044 utils 352 29428 [RBAC] Approve Compliance: YES
INFO 2025-07-02 06:49:13,044 utils 352 29428 [RBAC] Compliance Analytics: YES
INFO 2025-07-02 06:49:13,054 utils 352 29428 [RBAC] ===============================================
INFO 2025-07-02 06:49:40,971 utils 352 29028 [RBAC] ===== USER LOGIN PERMISSIONS AUDIT =====
INFO 2025-07-02 06:49:40,977 utils 352 29028 [RBAC] Found active RBAC record for user 2: role=GRC Administrator
INFO 2025-07-02 06:49:40,978 utils 352 29028 [RBAC] User ID: 2
INFO 2025-07-02 06:49:40,979 utils 352 29028 [RBAC] Username: vikram.patel
INFO 2025-07-02 06:49:40,981 utils 352 29028 [RBAC] Role: GRC Administrator
INFO 2025-07-02 06:49:40,982 utils 352 29028 [RBAC] Account Status: ACTIVE
INFO 2025-07-02 06:49:40,982 utils 352 29028 [RBAC] Login Time: 2025-07-02 06:49:40.982027
INFO 2025-07-02 06:49:40,982 utils 352 29028 [RBAC] 
INFO 2025-07-02 06:49:40,982 utils 352 29028 [RBAC] === INCIDENT MODULE PERMISSIONS ===
INFO 2025-07-02 06:49:40,982 utils 352 29028 [RBAC] Create Incidents: YES
INFO 2025-07-02 06:49:40,982 utils 352 29028 [RBAC] View All Incidents: YES
INFO 2025-07-02 06:49:40,982 utils 352 29028 [RBAC] Edit Incidents: YES
INFO 2025-07-02 06:49:40,982 utils 352 29028 [RBAC] Assign Incidents: YES
INFO 2025-07-02 06:49:40,982 utils 352 29028 [RBAC] Evaluate Assigned Incidents: YES
INFO 2025-07-02 06:49:40,982 utils 352 29028 [RBAC] Escalate to Risk: YES
INFO 2025-07-02 06:49:40,982 utils 352 29028 [RBAC] Incident Analytics: YES
INFO 2025-07-02 06:49:40,982 utils 352 29028 [RBAC] === POLICY MODULE PERMISSIONS ===
INFO 2025-07-02 06:49:40,997 utils 352 29028 [RBAC] Create Policy: YES
INFO 2025-07-02 06:49:40,997 utils 352 29028 [RBAC] View All Policy: YES
INFO 2025-07-02 06:49:41,000 utils 352 29028 [RBAC] Edit Policy: YES
INFO 2025-07-02 06:49:41,000 utils 352 29028 [RBAC] Approve Policy: YES
INFO 2025-07-02 06:49:41,000 utils 352 29028 [RBAC] Create Framework: YES
INFO 2025-07-02 06:49:41,000 utils 352 29028 [RBAC] Approve Framework: YES
INFO 2025-07-02 06:49:41,000 utils 352 29028 [RBAC] Policy Analytics: YES
INFO 2025-07-02 06:49:41,000 utils 352 29028 [RBAC] === AUDIT MODULE PERMISSIONS ===
INFO 2025-07-02 06:49:41,000 utils 352 29028 [RBAC] Assign Audit: YES
INFO 2025-07-02 06:49:41,000 utils 352 29028 [RBAC] Conduct Audit: YES
INFO 2025-07-02 06:49:41,000 utils 352 29028 [RBAC] Review Audit: YES
INFO 2025-07-02 06:49:41,000 utils 352 29028 [RBAC] View Audit Reports: YES
INFO 2025-07-02 06:49:41,013 utils 352 29028 [RBAC] Audit Analytics: YES
INFO 2025-07-02 06:49:41,013 utils 352 29028 [RBAC] === RISK MODULE PERMISSIONS ===
INFO 2025-07-02 06:49:41,013 utils 352 29028 [RBAC] Create Risk: YES
INFO 2025-07-02 06:49:41,013 utils 352 29028 [RBAC] View All Risk: YES
INFO 2025-07-02 06:49:41,013 utils 352 29028 [RBAC] Edit Risk: YES
INFO 2025-07-02 06:49:41,020 utils 352 29028 [RBAC] Approve Risk: YES
INFO 2025-07-02 06:49:41,022 utils 352 29028 [RBAC] Assign Risk: YES
INFO 2025-07-02 06:49:41,022 utils 352 29028 [RBAC] Evaluate Assigned Risk: YES
INFO 2025-07-02 06:49:41,022 utils 352 29028 [RBAC] Risk Analytics: YES
INFO 2025-07-02 06:49:41,022 utils 352 29028 [RBAC] === COMPLIANCE MODULE PERMISSIONS ===
INFO 2025-07-02 06:49:41,022 utils 352 29028 [RBAC] Create Compliance: YES
INFO 2025-07-02 06:49:41,022 utils 352 29028 [RBAC] View All Compliance: YES
INFO 2025-07-02 06:49:41,022 utils 352 29028 [RBAC] Edit Compliance: YES
INFO 2025-07-02 06:49:41,029 utils 352 29028 [RBAC] Approve Compliance: YES
INFO 2025-07-02 06:49:41,029 utils 352 29028 [RBAC] Compliance Analytics: YES
INFO 2025-07-02 06:49:41,029 utils 352 29028 [RBAC] ===============================================
INFO 2025-07-02 06:50:57,361 utils 352 29348 [RBAC] ===== USER LOGIN PERMISSIONS AUDIT =====
INFO 2025-07-02 06:50:57,367 utils 352 29348 [RBAC] Found active RBAC record for user 1: role=GRC Administrator
INFO 2025-07-02 06:50:57,367 utils 352 29348 [RBAC] User ID: 1
INFO 2025-07-02 06:50:57,368 utils 352 29348 [RBAC] Username: radha.sharma
INFO 2025-07-02 06:50:57,369 utils 352 29348 [RBAC] Role: GRC Administrator
INFO 2025-07-02 06:50:57,370 utils 352 29348 [RBAC] Account Status: ACTIVE
INFO 2025-07-02 06:50:57,371 utils 352 29348 [RBAC] Login Time: 2025-07-02 06:50:57.371797
INFO 2025-07-02 06:50:57,371 utils 352 29348 [RBAC] 
INFO 2025-07-02 06:50:57,374 utils 352 29348 [RBAC] === INCIDENT MODULE PERMISSIONS ===
INFO 2025-07-02 06:50:57,376 utils 352 29348 [RBAC] Create Incidents: YES
INFO 2025-07-02 06:50:57,377 utils 352 29348 [RBAC] View All Incidents: YES
INFO 2025-07-02 06:50:57,377 utils 352 29348 [RBAC] Edit Incidents: YES
INFO 2025-07-02 06:50:57,377 utils 352 29348 [RBAC] Assign Incidents: YES
INFO 2025-07-02 06:50:57,377 utils 352 29348 [RBAC] Evaluate Assigned Incidents: YES
INFO 2025-07-02 06:50:57,377 utils 352 29348 [RBAC] Escalate to Risk: YES
INFO 2025-07-02 06:50:57,377 utils 352 29348 [RBAC] Incident Analytics: YES
INFO 2025-07-02 06:50:57,377 utils 352 29348 [RBAC] === POLICY MODULE PERMISSIONS ===
INFO 2025-07-02 06:50:57,377 utils 352 29348 [RBAC] Create Policy: YES
INFO 2025-07-02 06:50:57,377 utils 352 29348 [RBAC] View All Policy: YES
INFO 2025-07-02 06:50:57,377 utils 352 29348 [RBAC] Edit Policy: YES
INFO 2025-07-02 06:50:57,377 utils 352 29348 [RBAC] Approve Policy: YES
INFO 2025-07-02 06:50:57,377 utils 352 29348 [RBAC] Create Framework: YES
INFO 2025-07-02 06:50:57,377 utils 352 29348 [RBAC] Approve Framework: YES
INFO 2025-07-02 06:50:57,377 utils 352 29348 [RBAC] Policy Analytics: YES
INFO 2025-07-02 06:50:57,377 utils 352 29348 [RBAC] === AUDIT MODULE PERMISSIONS ===
INFO 2025-07-02 06:50:57,392 utils 352 29348 [RBAC] Assign Audit: YES
INFO 2025-07-02 06:50:57,392 utils 352 29348 [RBAC] Conduct Audit: YES
INFO 2025-07-02 06:50:57,392 utils 352 29348 [RBAC] Review Audit: YES
INFO 2025-07-02 06:50:57,392 utils 352 29348 [RBAC] View Audit Reports: YES
INFO 2025-07-02 06:50:57,392 utils 352 29348 [RBAC] Audit Analytics: YES
INFO 2025-07-02 06:50:57,392 utils 352 29348 [RBAC] === RISK MODULE PERMISSIONS ===
INFO 2025-07-02 06:50:57,392 utils 352 29348 [RBAC] Create Risk: YES
INFO 2025-07-02 06:50:57,392 utils 352 29348 [RBAC] View All Risk: YES
INFO 2025-07-02 06:50:57,392 utils 352 29348 [RBAC] Edit Risk: YES
INFO 2025-07-02 06:50:57,392 utils 352 29348 [RBAC] Approve Risk: YES
INFO 2025-07-02 06:50:57,392 utils 352 29348 [RBAC] Assign Risk: YES
INFO 2025-07-02 06:50:57,392 utils 352 29348 [RBAC] Evaluate Assigned Risk: YES
INFO 2025-07-02 06:50:57,392 utils 352 29348 [RBAC] Risk Analytics: YES
INFO 2025-07-02 06:50:57,408 utils 352 29348 [RBAC] === COMPLIANCE MODULE PERMISSIONS ===
INFO 2025-07-02 06:50:57,408 utils 352 29348 [RBAC] Create Compliance: YES
INFO 2025-07-02 06:50:57,408 utils 352 29348 [RBAC] View All Compliance: YES
INFO 2025-07-02 06:50:57,408 utils 352 29348 [RBAC] Edit Compliance: YES
INFO 2025-07-02 06:50:57,412 utils 352 29348 [RBAC] Approve Compliance: YES
INFO 2025-07-02 06:50:57,412 utils 352 29348 [RBAC] Compliance Analytics: YES
INFO 2025-07-02 06:50:57,412 utils 352 29348 [RBAC] ===============================================
INFO 2025-07-02 06:53:33,489 utils 352 29348 [RBAC] ===== USER LOGIN PERMISSIONS AUDIT =====
INFO 2025-07-02 06:53:33,495 utils 352 29348 [RBAC] Found active RBAC record for user 2: role=GRC Administrator
INFO 2025-07-02 06:53:33,497 utils 352 29348 [RBAC] User ID: 2
INFO 2025-07-02 06:53:33,498 utils 352 29348 [RBAC] Username: vikram.patel
INFO 2025-07-02 06:53:33,498 utils 352 29348 [RBAC] Role: GRC Administrator
INFO 2025-07-02 06:53:33,499 utils 352 29348 [RBAC] Account Status: ACTIVE
INFO 2025-07-02 06:53:33,499 utils 352 29348 [RBAC] Login Time: 2025-07-02 06:53:33.499702
INFO 2025-07-02 06:53:33,499 utils 352 29348 [RBAC] 
INFO 2025-07-02 06:53:33,499 utils 352 29348 [RBAC] === INCIDENT MODULE PERMISSIONS ===
INFO 2025-07-02 06:53:33,499 utils 352 29348 [RBAC] Create Incidents: YES
INFO 2025-07-02 06:53:33,499 utils 352 29348 [RBAC] View All Incidents: YES
INFO 2025-07-02 06:53:33,499 utils 352 29348 [RBAC] Edit Incidents: YES
INFO 2025-07-02 06:53:33,499 utils 352 29348 [RBAC] Assign Incidents: YES
INFO 2025-07-02 06:53:33,499 utils 352 29348 [RBAC] Evaluate Assigned Incidents: YES
INFO 2025-07-02 06:53:33,499 utils 352 29348 [RBAC] Escalate to Risk: YES
INFO 2025-07-02 06:53:33,499 utils 352 29348 [RBAC] Incident Analytics: YES
INFO 2025-07-02 06:53:33,499 utils 352 29348 [RBAC] === POLICY MODULE PERMISSIONS ===
INFO 2025-07-02 06:53:33,514 utils 352 29348 [RBAC] Create Policy: YES
INFO 2025-07-02 06:53:33,514 utils 352 29348 [RBAC] View All Policy: YES
INFO 2025-07-02 06:53:33,514 utils 352 29348 [RBAC] Edit Policy: YES
INFO 2025-07-02 06:53:33,514 utils 352 29348 [RBAC] Approve Policy: YES
INFO 2025-07-02 06:53:33,514 utils 352 29348 [RBAC] Create Framework: YES
INFO 2025-07-02 06:53:33,514 utils 352 29348 [RBAC] Approve Framework: YES
INFO 2025-07-02 06:53:33,514 utils 352 29348 [RBAC] Policy Analytics: YES
INFO 2025-07-02 06:53:33,514 utils 352 29348 [RBAC] === AUDIT MODULE PERMISSIONS ===
INFO 2025-07-02 06:53:33,514 utils 352 29348 [RBAC] Assign Audit: YES
INFO 2025-07-02 06:53:33,514 utils 352 29348 [RBAC] Conduct Audit: YES
INFO 2025-07-02 06:53:33,514 utils 352 29348 [RBAC] Review Audit: YES
INFO 2025-07-02 06:53:33,514 utils 352 29348 [RBAC] View Audit Reports: YES
INFO 2025-07-02 06:53:33,514 utils 352 29348 [RBAC] Audit Analytics: YES
INFO 2025-07-02 06:53:33,514 utils 352 29348 [RBAC] === RISK MODULE PERMISSIONS ===
INFO 2025-07-02 06:53:33,530 utils 352 29348 [RBAC] Create Risk: YES
INFO 2025-07-02 06:53:33,530 utils 352 29348 [RBAC] View All Risk: YES
INFO 2025-07-02 06:53:33,530 utils 352 29348 [RBAC] Edit Risk: YES
INFO 2025-07-02 06:53:33,530 utils 352 29348 [RBAC] Approve Risk: YES
INFO 2025-07-02 06:53:33,533 utils 352 29348 [RBAC] Assign Risk: YES
INFO 2025-07-02 06:53:33,533 utils 352 29348 [RBAC] Evaluate Assigned Risk: YES
INFO 2025-07-02 06:53:33,533 utils 352 29348 [RBAC] Risk Analytics: YES
INFO 2025-07-02 06:53:33,533 utils 352 29348 [RBAC] === COMPLIANCE MODULE PERMISSIONS ===
INFO 2025-07-02 06:53:33,533 utils 352 29348 [RBAC] Create Compliance: YES
INFO 2025-07-02 06:53:33,533 utils 352 29348 [RBAC] View All Compliance: YES
INFO 2025-07-02 06:53:33,533 utils 352 29348 [RBAC] Edit Compliance: YES
INFO 2025-07-02 06:53:33,533 utils 352 29348 [RBAC] Approve Compliance: YES
INFO 2025-07-02 06:53:33,533 utils 352 29348 [RBAC] Compliance Analytics: YES
INFO 2025-07-02 06:53:33,533 utils 352 29348 [RBAC] ===============================================
INFO 2025-07-02 06:53:46,730 utils 352 29484 [RBAC] Successfully retrieved user_id from session: 2
INFO 2025-07-02 06:53:46,748 utils 352 29484 [RBAC] Found active RBAC record for user 2: role=GRC Administrator
INFO 2025-07-02 06:53:46,752 utils 352 29484 [RBAC] User 2 (GRC Administrator) incident.view = ALLOWED
INFO 2025-07-02 06:53:46,756 utils 352 29484 [RBAC] Found active RBAC record for user 2: role=GRC Administrator
INFO 2025-07-02 06:53:46,761 utils 352 29484 [RBAC] User 2 (GRC Administrator) incident.create = ALLOWED
INFO 2025-07-02 06:53:46,771 utils 352 29484 [RBAC] Found active RBAC record for user 2: role=GRC Administrator
INFO 2025-07-02 06:53:46,774 utils 352 29484 [RBAC] User 2 (GRC Administrator) incident.edit = ALLOWED
INFO 2025-07-02 06:53:46,778 utils 352 29484 [RBAC] Found active RBAC record for user 2: role=GRC Administrator
ERROR 2025-07-02 06:53:46,783 utils 352 29484 [RBAC] Invalid incident permission type: approve
INFO 2025-07-02 06:53:46,787 utils 352 29484 [RBAC] Found active RBAC record for user 2: role=GRC Administrator
INFO 2025-07-02 06:53:46,788 utils 352 29484 [RBAC] User 2 (GRC Administrator) incident.assign = ALLOWED
INFO 2025-07-02 06:54:02,400 utils 352 29484 [RBAC] Successfully retrieved user_id from session: 2
INFO 2025-07-02 06:54:02,424 utils 352 29484 [RBAC] Found active RBAC record for user 2: role=GRC Administrator
INFO 2025-07-02 06:54:02,424 utils 352 29484 [RBAC] User 2 (GRC Administrator) incident.view = ALLOWED
INFO 2025-07-02 06:54:02,437 utils 352 29484 [RBAC] Found active RBAC record for user 2: role=GRC Administrator
INFO 2025-07-02 06:54:02,439 utils 352 29484 [RBAC] User 2 (GRC Administrator) incident.create = ALLOWED
INFO 2025-07-02 06:54:02,446 utils 352 29484 [RBAC] Found active RBAC record for user 2: role=GRC Administrator
INFO 2025-07-02 06:54:02,447 utils 352 29484 [RBAC] User 2 (GRC Administrator) incident.edit = ALLOWED
INFO 2025-07-02 06:54:02,452 utils 352 29484 [RBAC] Found active RBAC record for user 2: role=GRC Administrator
ERROR 2025-07-02 06:54:02,452 utils 352 29484 [RBAC] Invalid incident permission type: approve
INFO 2025-07-02 06:54:02,458 utils 352 29484 [RBAC] Found active RBAC record for user 2: role=GRC Administrator
INFO 2025-07-02 06:54:02,458 utils 352 29484 [RBAC] User 2 (GRC Administrator) incident.assign = ALLOWED
INFO 2025-07-02 07:58:27,046 utils 29672 13400 [RBAC] Successfully retrieved user_id from session: 2
INFO 2025-07-02 07:58:27,071 utils 29672 13400 [RBAC] Found active RBAC record for user 2: role=GRC Administrator
INFO 2025-07-02 07:58:27,073 utils 29672 13400 [RBAC] User 2 (GRC Administrator) incident.view = ALLOWED
INFO 2025-07-02 07:58:27,086 utils 29672 13400 [RBAC] Found active RBAC record for user 2: role=GRC Administrator
INFO 2025-07-02 07:58:27,090 utils 29672 13400 [RBAC] User 2 (GRC Administrator) incident.create = ALLOWED
INFO 2025-07-02 07:58:27,100 utils 29672 13400 [RBAC] Found active RBAC record for user 2: role=GRC Administrator
INFO 2025-07-02 07:58:27,100 utils 29672 13400 [RBAC] User 2 (GRC Administrator) incident.edit = ALLOWED
INFO 2025-07-02 07:58:27,106 utils 29672 13400 [RBAC] Found active RBAC record for user 2: role=GRC Administrator
ERROR 2025-07-02 07:58:27,109 utils 29672 13400 [RBAC] Invalid incident permission type: approve
INFO 2025-07-02 07:58:27,115 utils 29672 13400 [RBAC] Found active RBAC record for user 2: role=GRC Administrator
INFO 2025-07-02 07:58:27,115 utils 29672 13400 [RBAC] User 2 (GRC Administrator) incident.assign = ALLOWED
INFO 2025-07-02 07:58:29,321 utils 29672 13400 [RBAC] Successfully retrieved user_id from session: 2
INFO 2025-07-02 07:58:29,339 utils 29672 13400 [RBAC] Found active RBAC record for user 2: role=GRC Administrator
INFO 2025-07-02 07:58:29,344 utils 29672 13400 [RBAC] User 2 (GRC Administrator) incident.view = ALLOWED
INFO 2025-07-02 07:58:29,353 utils 29672 13400 [RBAC] Found active RBAC record for user 2: role=GRC Administrator
INFO 2025-07-02 07:58:29,353 utils 29672 13400 [RBAC] User 2 (GRC Administrator) incident.create = ALLOWED
INFO 2025-07-02 07:58:29,360 utils 29672 13400 [RBAC] Found active RBAC record for user 2: role=GRC Administrator
INFO 2025-07-02 07:58:29,360 utils 29672 13400 [RBAC] User 2 (GRC Administrator) incident.edit = ALLOWED
INFO 2025-07-02 07:58:29,379 utils 29672 13400 [RBAC] Found active RBAC record for user 2: role=GRC Administrator
ERROR 2025-07-02 07:58:29,381 utils 29672 13400 [RBAC] Invalid incident permission type: approve
INFO 2025-07-02 07:58:29,386 utils 29672 13400 [RBAC] Found active RBAC record for user 2: role=GRC Administrator
INFO 2025-07-02 07:58:29,389 utils 29672 13400 [RBAC] User 2 (GRC Administrator) incident.assign = ALLOWED
WARNING 2025-07-02 07:58:41,745 utils 29672 22660 [RBAC] No user_id found in session
WARNING 2025-07-02 07:58:41,805 utils 29672 29396 [RBAC] No user_id found in session
INFO 2025-07-02 10:10:49,458 utils 29672 31252 [RBAC] Successfully retrieved user_id from session: 2
INFO 2025-07-02 10:10:49,484 utils 29672 31252 [RBAC] Found active RBAC record for user 2: role=GRC Administrator
INFO 2025-07-02 10:10:49,484 utils 29672 31252 [RBAC] User 2 (GRC Administrator) incident.view = ALLOWED
INFO 2025-07-02 10:10:49,492 utils 29672 31252 [RBAC] Found active RBAC record for user 2: role=GRC Administrator
INFO 2025-07-02 10:10:49,492 utils 29672 31252 [RBAC] User 2 (GRC Administrator) incident.create = ALLOWED
INFO 2025-07-02 10:10:49,501 utils 29672 31252 [RBAC] Found active RBAC record for user 2: role=GRC Administrator
INFO 2025-07-02 10:10:49,501 utils 29672 31252 [RBAC] User 2 (GRC Administrator) incident.edit = ALLOWED
INFO 2025-07-02 10:10:49,509 utils 29672 31252 [RBAC] Found active RBAC record for user 2: role=GRC Administrator
ERROR 2025-07-02 10:10:49,511 utils 29672 31252 [RBAC] Invalid incident permission type: approve
INFO 2025-07-02 10:10:49,519 utils 29672 31252 [RBAC] Found active RBAC record for user 2: role=GRC Administrator
INFO 2025-07-02 10:10:49,521 utils 29672 31252 [RBAC] User 2 (GRC Administrator) incident.assign = ALLOWED
INFO 2025-07-02 12:04:26,381 utils 29116 21256 [RBAC] ===== USER LOGIN PERMISSIONS AUDIT =====
INFO 2025-07-02 12:04:26,392 utils 29116 21256 [RBAC] Found active RBAC record for user 2: role=GRC Administrator
INFO 2025-07-02 12:04:26,393 utils 29116 21256 [RBAC] User ID: 2
INFO 2025-07-02 12:04:26,393 utils 29116 21256 [RBAC] Username: vikram.patel
INFO 2025-07-02 12:04:26,394 utils 29116 21256 [RBAC] Role: GRC Administrator
INFO 2025-07-02 12:04:26,395 utils 29116 21256 [RBAC] Account Status: ACTIVE
INFO 2025-07-02 12:04:26,396 utils 29116 21256 [RBAC] Login Time: 2025-07-02 12:04:26.396737
INFO 2025-07-02 12:04:26,397 utils 29116 21256 [RBAC] 
INFO 2025-07-02 12:04:26,397 utils 29116 21256 [RBAC] === INCIDENT MODULE PERMISSIONS ===
INFO 2025-07-02 12:04:26,399 utils 29116 21256 [RBAC] Create Incidents: YES
INFO 2025-07-02 12:04:26,401 utils 29116 21256 [RBAC] View All Incidents: YES
INFO 2025-07-02 12:04:26,403 utils 29116 21256 [RBAC] Edit Incidents: YES
INFO 2025-07-02 12:04:26,404 utils 29116 21256 [RBAC] Assign Incidents: YES
INFO 2025-07-02 12:04:26,405 utils 29116 21256 [RBAC] Evaluate Assigned Incidents: YES
INFO 2025-07-02 12:04:26,406 utils 29116 21256 [RBAC] Escalate to Risk: YES
INFO 2025-07-02 12:04:26,406 utils 29116 21256 [RBAC] Incident Analytics: YES
INFO 2025-07-02 12:04:26,409 utils 29116 21256 [RBAC] === POLICY MODULE PERMISSIONS ===
INFO 2025-07-02 12:04:26,410 utils 29116 21256 [RBAC] Create Policy: YES
INFO 2025-07-02 12:04:26,411 utils 29116 21256 [RBAC] View All Policy: YES
INFO 2025-07-02 12:04:26,412 utils 29116 21256 [RBAC] Edit Policy: YES
INFO 2025-07-02 12:04:26,412 utils 29116 21256 [RBAC] Approve Policy: YES
INFO 2025-07-02 12:04:26,413 utils 29116 21256 [RBAC] Create Framework: YES
INFO 2025-07-02 12:04:26,413 utils 29116 21256 [RBAC] Approve Framework: YES
INFO 2025-07-02 12:04:26,414 utils 29116 21256 [RBAC] Policy Analytics: YES
INFO 2025-07-02 12:04:26,414 utils 29116 21256 [RBAC] === AUDIT MODULE PERMISSIONS ===
INFO 2025-07-02 12:04:26,415 utils 29116 21256 [RBAC] Assign Audit: YES
INFO 2025-07-02 12:04:26,415 utils 29116 21256 [RBAC] Conduct Audit: YES
INFO 2025-07-02 12:04:26,417 utils 29116 21256 [RBAC] Review Audit: YES
INFO 2025-07-02 12:04:26,417 utils 29116 21256 [RBAC] View Audit Reports: YES
INFO 2025-07-02 12:04:26,417 utils 29116 21256 [RBAC] Audit Analytics: YES
INFO 2025-07-02 12:04:26,419 utils 29116 21256 [RBAC] === RISK MODULE PERMISSIONS ===
INFO 2025-07-02 12:04:26,419 utils 29116 21256 [RBAC] Create Risk: YES
INFO 2025-07-02 12:04:26,420 utils 29116 21256 [RBAC] View All Risk: YES
INFO 2025-07-02 12:04:26,421 utils 29116 21256 [RBAC] Edit Risk: YES
INFO 2025-07-02 12:04:26,423 utils 29116 21256 [RBAC] Approve Risk: YES
INFO 2025-07-02 12:04:26,424 utils 29116 21256 [RBAC] Assign Risk: YES
INFO 2025-07-02 12:04:26,425 utils 29116 21256 [RBAC] Evaluate Assigned Risk: YES
INFO 2025-07-02 12:04:26,426 utils 29116 21256 [RBAC] Risk Analytics: YES
INFO 2025-07-02 12:04:26,427 utils 29116 21256 [RBAC] === COMPLIANCE MODULE PERMISSIONS ===
INFO 2025-07-02 12:04:26,427 utils 29116 21256 [RBAC] Create Compliance: YES
INFO 2025-07-02 12:04:26,429 utils 29116 21256 [RBAC] View All Compliance: YES
INFO 2025-07-02 12:04:26,429 utils 29116 21256 [RBAC] Edit Compliance: YES
INFO 2025-07-02 12:04:26,430 utils 29116 21256 [RBAC] Approve Compliance: YES
INFO 2025-07-02 12:04:26,430 utils 29116 21256 [RBAC] Compliance Analytics: YES
INFO 2025-07-02 12:04:26,431 utils 29116 21256 [RBAC] ===============================================
INFO 2025-07-02 12:42:53,418 utils 29116 31328 [RBAC] Successfully retrieved user_id from session: 2
INFO 2025-07-02 13:24:51,902 utils 29116 21120 [RBAC] ===== USER LOGIN PERMISSIONS AUDIT =====
INFO 2025-07-02 13:24:51,913 utils 29116 21120 [RBAC] Found active RBAC record for user 1: role=GRC Administrator
INFO 2025-07-02 13:24:51,914 utils 29116 21120 [RBAC] User ID: 1
INFO 2025-07-02 13:24:51,914 utils 29116 21120 [RBAC] Username: radha.sharma
INFO 2025-07-02 13:24:51,914 utils 29116 21120 [RBAC] Role: GRC Administrator
INFO 2025-07-02 13:24:51,916 utils 29116 21120 [RBAC] Account Status: ACTIVE
INFO 2025-07-02 13:24:51,916 utils 29116 21120 [RBAC] Login Time: 2025-07-02 13:24:51.916400
INFO 2025-07-02 13:24:51,916 utils 29116 21120 [RBAC] 
INFO 2025-07-02 13:24:51,916 utils 29116 21120 [RBAC] === INCIDENT MODULE PERMISSIONS ===
INFO 2025-07-02 13:24:51,919 utils 29116 21120 [RBAC] Create Incidents: YES
INFO 2025-07-02 13:24:51,923 utils 29116 21120 [RBAC] View All Incidents: YES
INFO 2025-07-02 13:24:51,924 utils 29116 21120 [RBAC] Edit Incidents: YES
INFO 2025-07-02 13:24:51,925 utils 29116 21120 [RBAC] Assign Incidents: YES
INFO 2025-07-02 13:24:51,928 utils 29116 21120 [RBAC] Evaluate Assigned Incidents: YES
INFO 2025-07-02 13:24:51,930 utils 29116 21120 [RBAC] Escalate to Risk: YES
INFO 2025-07-02 13:24:51,930 utils 29116 21120 [RBAC] Incident Analytics: YES
INFO 2025-07-02 13:24:51,931 utils 29116 21120 [RBAC] === POLICY MODULE PERMISSIONS ===
INFO 2025-07-02 13:24:51,932 utils 29116 21120 [RBAC] Create Policy: YES
INFO 2025-07-02 13:24:51,932 utils 29116 21120 [RBAC] View All Policy: YES
INFO 2025-07-02 13:24:51,934 utils 29116 21120 [RBAC] Edit Policy: YES
INFO 2025-07-02 13:24:51,935 utils 29116 21120 [RBAC] Approve Policy: YES
INFO 2025-07-02 13:24:51,935 utils 29116 21120 [RBAC] Create Framework: YES
INFO 2025-07-02 13:24:51,936 utils 29116 21120 [RBAC] Approve Framework: YES
INFO 2025-07-02 13:24:51,936 utils 29116 21120 [RBAC] Policy Analytics: YES
INFO 2025-07-02 13:24:51,937 utils 29116 21120 [RBAC] === AUDIT MODULE PERMISSIONS ===
INFO 2025-07-02 13:24:51,937 utils 29116 21120 [RBAC] Assign Audit: YES
INFO 2025-07-02 13:24:51,939 utils 29116 21120 [RBAC] Conduct Audit: YES
INFO 2025-07-02 13:24:51,941 utils 29116 21120 [RBAC] Review Audit: YES
INFO 2025-07-02 13:24:51,943 utils 29116 21120 [RBAC] View Audit Reports: YES
INFO 2025-07-02 13:24:51,944 utils 29116 21120 [RBAC] Audit Analytics: YES
INFO 2025-07-02 13:24:51,944 utils 29116 21120 [RBAC] === RISK MODULE PERMISSIONS ===
INFO 2025-07-02 13:24:51,944 utils 29116 21120 [RBAC] Create Risk: YES
INFO 2025-07-02 13:24:51,946 utils 29116 21120 [RBAC] View All Risk: YES
INFO 2025-07-02 13:24:51,946 utils 29116 21120 [RBAC] Edit Risk: YES
INFO 2025-07-02 13:24:51,947 utils 29116 21120 [RBAC] Approve Risk: YES
INFO 2025-07-02 13:24:51,947 utils 29116 21120 [RBAC] Assign Risk: YES
INFO 2025-07-02 13:24:51,948 utils 29116 21120 [RBAC] Evaluate Assigned Risk: YES
INFO 2025-07-02 13:24:51,949 utils 29116 21120 [RBAC] Risk Analytics: YES
INFO 2025-07-02 13:24:51,950 utils 29116 21120 [RBAC] === COMPLIANCE MODULE PERMISSIONS ===
INFO 2025-07-02 13:24:51,951 utils 29116 21120 [RBAC] Create Compliance: YES
INFO 2025-07-02 13:24:51,952 utils 29116 21120 [RBAC] View All Compliance: YES
INFO 2025-07-02 13:24:51,953 utils 29116 21120 [RBAC] Edit Compliance: YES
INFO 2025-07-02 13:24:51,954 utils 29116 21120 [RBAC] Approve Compliance: YES
INFO 2025-07-02 13:24:51,954 utils 29116 21120 [RBAC] Compliance Analytics: YES
INFO 2025-07-02 13:24:51,955 utils 29116 21120 [RBAC] ===============================================
INFO 2025-07-02 13:27:55,741 utils 29116 29404 [RBAC] ===== USER LOGIN PERMISSIONS AUDIT =====
INFO 2025-07-02 13:27:55,748 utils 29116 29404 [RBAC] Found active RBAC record for user 2: role=GRC Administrator
INFO 2025-07-02 13:27:55,749 utils 29116 29404 [RBAC] User ID: 2
INFO 2025-07-02 13:27:55,749 utils 29116 29404 [RBAC] Username: vikram.patel
INFO 2025-07-02 13:27:55,750 utils 29116 29404 [RBAC] Role: GRC Administrator
INFO 2025-07-02 13:27:55,751 utils 29116 29404 [RBAC] Account Status: ACTIVE
INFO 2025-07-02 13:27:55,753 utils 29116 29404 [RBAC] Login Time: 2025-07-02 13:27:55.753265
INFO 2025-07-02 13:27:55,753 utils 29116 29404 [RBAC] 
INFO 2025-07-02 13:27:55,754 utils 29116 29404 [RBAC] === INCIDENT MODULE PERMISSIONS ===
INFO 2025-07-02 13:27:55,756 utils 29116 29404 [RBAC] Create Incidents: YES
INFO 2025-07-02 13:27:55,756 utils 29116 29404 [RBAC] View All Incidents: YES
INFO 2025-07-02 13:27:55,758 utils 29116 29404 [RBAC] Edit Incidents: YES
INFO 2025-07-02 13:27:55,759 utils 29116 29404 [RBAC] Assign Incidents: YES
INFO 2025-07-02 13:27:55,760 utils 29116 29404 [RBAC] Evaluate Assigned Incidents: YES
INFO 2025-07-02 13:27:55,760 utils 29116 29404 [RBAC] Escalate to Risk: YES
INFO 2025-07-02 13:27:55,760 utils 29116 29404 [RBAC] Incident Analytics: YES
INFO 2025-07-02 13:27:55,761 utils 29116 29404 [RBAC] === POLICY MODULE PERMISSIONS ===
INFO 2025-07-02 13:27:55,762 utils 29116 29404 [RBAC] Create Policy: YES
INFO 2025-07-02 13:27:55,762 utils 29116 29404 [RBAC] View All Policy: YES
INFO 2025-07-02 13:27:55,763 utils 29116 29404 [RBAC] Edit Policy: YES
INFO 2025-07-02 13:27:55,763 utils 29116 29404 [RBAC] Approve Policy: YES
INFO 2025-07-02 13:27:55,765 utils 29116 29404 [RBAC] Create Framework: YES
INFO 2025-07-02 13:27:55,767 utils 29116 29404 [RBAC] Approve Framework: YES
INFO 2025-07-02 13:27:55,768 utils 29116 29404 [RBAC] Policy Analytics: YES
INFO 2025-07-02 13:27:55,769 utils 29116 29404 [RBAC] === AUDIT MODULE PERMISSIONS ===
INFO 2025-07-02 13:27:55,771 utils 29116 29404 [RBAC] Assign Audit: YES
INFO 2025-07-02 13:27:55,772 utils 29116 29404 [RBAC] Conduct Audit: YES
INFO 2025-07-02 13:27:55,772 utils 29116 29404 [RBAC] Review Audit: YES
INFO 2025-07-02 13:27:55,773 utils 29116 29404 [RBAC] View Audit Reports: YES
INFO 2025-07-02 13:27:55,775 utils 29116 29404 [RBAC] Audit Analytics: YES
INFO 2025-07-02 13:27:55,775 utils 29116 29404 [RBAC] === RISK MODULE PERMISSIONS ===
INFO 2025-07-02 13:27:55,776 utils 29116 29404 [RBAC] Create Risk: YES
INFO 2025-07-02 13:27:55,776 utils 29116 29404 [RBAC] View All Risk: YES
INFO 2025-07-02 13:27:55,776 utils 29116 29404 [RBAC] Edit Risk: YES
INFO 2025-07-02 13:27:55,778 utils 29116 29404 [RBAC] Approve Risk: YES
INFO 2025-07-02 13:27:55,779 utils 29116 29404 [RBAC] Assign Risk: YES
INFO 2025-07-02 13:27:55,780 utils 29116 29404 [RBAC] Evaluate Assigned Risk: YES
INFO 2025-07-02 13:27:55,781 utils 29116 29404 [RBAC] Risk Analytics: YES
INFO 2025-07-02 13:27:55,782 utils 29116 29404 [RBAC] === COMPLIANCE MODULE PERMISSIONS ===
INFO 2025-07-02 13:27:55,784 utils 29116 29404 [RBAC] Create Compliance: YES
INFO 2025-07-02 13:27:55,786 utils 29116 29404 [RBAC] View All Compliance: YES
INFO 2025-07-02 13:27:55,787 utils 29116 29404 [RBAC] Edit Compliance: YES
INFO 2025-07-02 13:27:55,787 utils 29116 29404 [RBAC] Approve Compliance: YES
INFO 2025-07-02 13:27:55,788 utils 29116 29404 [RBAC] Compliance Analytics: YES
INFO 2025-07-02 13:27:55,790 utils 29116 29404 [RBAC] ===============================================
INFO 2025-07-02 13:33:00,491 utils 29116 29404 [RBAC] Successfully retrieved user_id from session: 2
INFO 2025-07-02 13:33:00,509 utils 29116 29404 [RBAC] Found active RBAC record for user 2: role=GRC Administrator
INFO 2025-07-02 13:33:00,512 utils 29116 29404 [RBAC] User 2 (GRC Administrator) incident.view = ALLOWED
INFO 2025-07-02 13:33:00,521 utils 29116 29404 [RBAC] Found active RBAC record for user 2: role=GRC Administrator
INFO 2025-07-02 13:33:00,522 utils 29116 29404 [RBAC] User 2 (GRC Administrator) incident.create = ALLOWED
INFO 2025-07-02 13:33:00,527 utils 29116 29404 [RBAC] Found active RBAC record for user 2: role=GRC Administrator
INFO 2025-07-02 13:33:00,528 utils 29116 29404 [RBAC] User 2 (GRC Administrator) incident.edit = ALLOWED
INFO 2025-07-02 13:33:00,536 utils 29116 29404 [RBAC] Found active RBAC record for user 2: role=GRC Administrator
ERROR 2025-07-02 13:33:00,536 utils 29116 29404 [RBAC] Invalid incident permission type: approve
INFO 2025-07-02 13:33:00,541 utils 29116 29404 [RBAC] Found active RBAC record for user 2: role=GRC Administrator
INFO 2025-07-02 13:33:00,542 utils 29116 29404 [RBAC] User 2 (GRC Administrator) incident.assign = ALLOWED
INFO 2025-07-02 13:35:21,744 utils 29116 29404 [RBAC] Successfully retrieved user_id from session: 2
INFO 2025-07-02 13:35:21,754 utils 29116 29404 [RBAC] Found active RBAC record for user 2: role=GRC Administrator
INFO 2025-07-02 13:35:21,755 utils 29116 29404 [RBAC] User 2 (GRC Administrator) incident.view = ALLOWED
INFO 2025-07-02 13:35:21,759 utils 29116 29404 [RBAC] Found active RBAC record for user 2: role=GRC Administrator
INFO 2025-07-02 13:35:21,762 utils 29116 29404 [RBAC] User 2 (GRC Administrator) incident.create = ALLOWED
INFO 2025-07-02 13:35:21,766 utils 29116 29404 [RBAC] Found active RBAC record for user 2: role=GRC Administrator
INFO 2025-07-02 13:35:21,767 utils 29116 29404 [RBAC] User 2 (GRC Administrator) incident.edit = ALLOWED
INFO 2025-07-02 13:35:21,771 utils 29116 29404 [RBAC] Found active RBAC record for user 2: role=GRC Administrator
ERROR 2025-07-02 13:35:21,772 utils 29116 29404 [RBAC] Invalid incident permission type: approve
INFO 2025-07-02 13:35:21,780 utils 29116 29404 [RBAC] Found active RBAC record for user 2: role=GRC Administrator
INFO 2025-07-02 13:35:21,782 utils 29116 29404 [RBAC] User 2 (GRC Administrator) incident.assign = ALLOWED
INFO 2025-07-02 13:35:22,112 utils 29116 29404 [RBAC] Successfully retrieved user_id from session: 2
INFO 2025-07-02 13:35:22,120 utils 29116 29404 [RBAC] Found active RBAC record for user 2: role=GRC Administrator
INFO 2025-07-02 13:35:22,122 utils 29116 29404 [RBAC] User 2 (GRC Administrator) incident.view = ALLOWED
INFO 2025-07-02 13:35:22,128 utils 29116 29404 [RBAC] Found active RBAC record for user 2: role=GRC Administrator
INFO 2025-07-02 13:35:22,130 utils 29116 29404 [RBAC] User 2 (GRC Administrator) incident.create = ALLOWED
INFO 2025-07-02 13:35:22,135 utils 29116 29404 [RBAC] Found active RBAC record for user 2: role=GRC Administrator
INFO 2025-07-02 13:35:22,136 utils 29116 29404 [RBAC] User 2 (GRC Administrator) incident.edit = ALLOWED
INFO 2025-07-02 13:35:22,141 utils 29116 29404 [RBAC] Found active RBAC record for user 2: role=GRC Administrator
ERROR 2025-07-02 13:35:22,142 utils 29116 29404 [RBAC] Invalid incident permission type: approve
INFO 2025-07-02 13:35:22,150 utils 29116 29404 [RBAC] Found active RBAC record for user 2: role=GRC Administrator
INFO 2025-07-02 13:35:22,151 utils 29116 29404 [RBAC] User 2 (GRC Administrator) incident.assign = ALLOWED
INFO 2025-07-02 13:35:23,003 utils 29116 29404 [RBAC] Successfully retrieved user_id from session: 2
INFO 2025-07-02 13:35:23,017 utils 29116 29404 [RBAC] Found active RBAC record for user 2: role=GRC Administrator
INFO 2025-07-02 13:35:23,019 utils 29116 29404 [RBAC] User 2 (GRC Administrator) incident.view = ALLOWED
INFO 2025-07-02 13:35:23,024 utils 29116 29404 [RBAC] Found active RBAC record for user 2: role=GRC Administrator
INFO 2025-07-02 13:35:23,026 utils 29116 29404 [RBAC] User 2 (GRC Administrator) incident.create = ALLOWED
INFO 2025-07-02 13:35:23,034 utils 29116 29404 [RBAC] Found active RBAC record for user 2: role=GRC Administrator
INFO 2025-07-02 13:35:23,035 utils 29116 29404 [RBAC] User 2 (GRC Administrator) incident.edit = ALLOWED
INFO 2025-07-02 13:35:23,040 utils 29116 29404 [RBAC] Found active RBAC record for user 2: role=GRC Administrator
ERROR 2025-07-02 13:35:23,041 utils 29116 29404 [RBAC] Invalid incident permission type: approve
INFO 2025-07-02 13:35:23,049 utils 29116 29404 [RBAC] Found active RBAC record for user 2: role=GRC Administrator
INFO 2025-07-02 13:35:23,050 utils 29116 29404 [RBAC] User 2 (GRC Administrator) incident.assign = ALLOWED
INFO 2025-07-02 13:35:23,586 utils 29116 29404 [RBAC] Successfully retrieved user_id from session: 2
INFO 2025-07-02 13:35:23,602 utils 29116 29404 [RBAC] Found active RBAC record for user 2: role=GRC Administrator
INFO 2025-07-02 13:35:23,604 utils 29116 29404 [RBAC] User 2 (GRC Administrator) incident.view = ALLOWED
INFO 2025-07-02 13:35:23,615 utils 29116 29404 [RBAC] Found active RBAC record for user 2: role=GRC Administrator
INFO 2025-07-02 13:35:23,616 utils 29116 29404 [RBAC] User 2 (GRC Administrator) incident.create = ALLOWED
INFO 2025-07-02 13:35:23,625 utils 29116 29404 [RBAC] Found active RBAC record for user 2: role=GRC Administrator
INFO 2025-07-02 13:35:23,629 utils 29116 29404 [RBAC] User 2 (GRC Administrator) incident.edit = ALLOWED
INFO 2025-07-02 13:35:23,636 utils 29116 29404 [RBAC] Found active RBAC record for user 2: role=GRC Administrator
ERROR 2025-07-02 13:35:23,638 utils 29116 29404 [RBAC] Invalid incident permission type: approve
INFO 2025-07-02 13:35:23,649 utils 29116 29404 [RBAC] Found active RBAC record for user 2: role=GRC Administrator
INFO 2025-07-02 13:35:23,651 utils 29116 29404 [RBAC] User 2 (GRC Administrator) incident.assign = ALLOWED
INFO 2025-07-02 13:35:24,387 utils 29116 29404 [RBAC] Successfully retrieved user_id from session: 2
INFO 2025-07-02 13:35:24,397 utils 29116 29404 [RBAC] Found active RBAC record for user 2: role=GRC Administrator
INFO 2025-07-02 13:35:24,398 utils 29116 29404 [RBAC] User 2 (GRC Administrator) incident.view = ALLOWED
INFO 2025-07-02 13:35:24,403 utils 29116 29404 [RBAC] Found active RBAC record for user 2: role=GRC Administrator
INFO 2025-07-02 13:35:24,405 utils 29116 29404 [RBAC] User 2 (GRC Administrator) incident.create = ALLOWED
INFO 2025-07-02 13:35:24,412 utils 29116 29404 [RBAC] Found active RBAC record for user 2: role=GRC Administrator
INFO 2025-07-02 13:35:24,414 utils 29116 29404 [RBAC] User 2 (GRC Administrator) incident.edit = ALLOWED
INFO 2025-07-02 13:35:24,418 utils 29116 29404 [RBAC] Found active RBAC record for user 2: role=GRC Administrator
ERROR 2025-07-02 13:35:24,419 utils 29116 29404 [RBAC] Invalid incident permission type: approve
INFO 2025-07-02 13:35:24,424 utils 29116 29404 [RBAC] Found active RBAC record for user 2: role=GRC Administrator
INFO 2025-07-02 13:35:24,427 utils 29116 29404 [RBAC] User 2 (GRC Administrator) incident.assign = ALLOWED
INFO 2025-07-02 13:35:25,319 utils 29116 29404 [RBAC] Successfully retrieved user_id from session: 2
INFO 2025-07-02 13:35:25,330 utils 29116 29404 [RBAC] Found active RBAC record for user 2: role=GRC Administrator
INFO 2025-07-02 13:35:25,332 utils 29116 29404 [RBAC] User 2 (GRC Administrator) incident.view = ALLOWED
INFO 2025-07-02 13:35:25,338 utils 29116 29404 [RBAC] Found active RBAC record for user 2: role=GRC Administrator
INFO 2025-07-02 13:35:25,340 utils 29116 29404 [RBAC] User 2 (GRC Administrator) incident.create = ALLOWED
INFO 2025-07-02 13:35:25,347 utils 29116 29404 [RBAC] Found active RBAC record for user 2: role=GRC Administrator
INFO 2025-07-02 13:35:25,349 utils 29116 29404 [RBAC] User 2 (GRC Administrator) incident.edit = ALLOWED
INFO 2025-07-02 13:35:25,355 utils 29116 29404 [RBAC] Found active RBAC record for user 2: role=GRC Administrator
ERROR 2025-07-02 13:35:25,356 utils 29116 29404 [RBAC] Invalid incident permission type: approve
INFO 2025-07-02 13:35:25,364 utils 29116 29404 [RBAC] Found active RBAC record for user 2: role=GRC Administrator
INFO 2025-07-02 13:35:25,366 utils 29116 29404 [RBAC] User 2 (GRC Administrator) incident.assign = ALLOWED
INFO 2025-07-02 13:35:25,922 utils 29116 29404 [RBAC] Successfully retrieved user_id from session: 2
INFO 2025-07-02 13:35:25,933 utils 29116 29404 [RBAC] Found active RBAC record for user 2: role=GRC Administrator
INFO 2025-07-02 13:35:25,935 utils 29116 29404 [RBAC] User 2 (GRC Administrator) incident.view = ALLOWED
INFO 2025-07-02 13:35:25,940 utils 29116 29404 [RBAC] Found active RBAC record for user 2: role=GRC Administrator
INFO 2025-07-02 13:35:25,942 utils 29116 29404 [RBAC] User 2 (GRC Administrator) incident.create = ALLOWED
INFO 2025-07-02 13:35:25,948 utils 29116 29404 [RBAC] Found active RBAC record for user 2: role=GRC Administrator
INFO 2025-07-02 13:35:25,950 utils 29116 29404 [RBAC] User 2 (GRC Administrator) incident.edit = ALLOWED
INFO 2025-07-02 13:35:25,957 utils 29116 29404 [RBAC] Found active RBAC record for user 2: role=GRC Administrator
ERROR 2025-07-02 13:35:25,958 utils 29116 29404 [RBAC] Invalid incident permission type: approve
INFO 2025-07-02 13:35:25,966 utils 29116 29404 [RBAC] Found active RBAC record for user 2: role=GRC Administrator
INFO 2025-07-02 13:35:25,968 utils 29116 29404 [RBAC] User 2 (GRC Administrator) incident.assign = ALLOWED
INFO 2025-07-02 13:35:27,963 utils 29116 29404 [RBAC] Successfully retrieved user_id from session: 2
INFO 2025-07-02 13:35:27,971 utils 29116 29404 [RBAC] Found active RBAC record for user 2: role=GRC Administrator
INFO 2025-07-02 13:35:27,974 utils 29116 29404 [RBAC] User 2 (GRC Administrator) incident.view = ALLOWED
INFO 2025-07-02 13:35:27,979 utils 29116 29404 [RBAC] Found active RBAC record for user 2: role=GRC Administrator
INFO 2025-07-02 13:35:27,980 utils 29116 29404 [RBAC] User 2 (GRC Administrator) incident.create = ALLOWED
INFO 2025-07-02 13:35:27,983 utils 29116 29404 [RBAC] Found active RBAC record for user 2: role=GRC Administrator
INFO 2025-07-02 13:35:27,985 utils 29116 29404 [RBAC] User 2 (GRC Administrator) incident.edit = ALLOWED
INFO 2025-07-02 13:35:27,992 utils 29116 29404 [RBAC] Found active RBAC record for user 2: role=GRC Administrator
ERROR 2025-07-02 13:35:27,993 utils 29116 29404 [RBAC] Invalid incident permission type: approve
INFO 2025-07-02 13:35:27,998 utils 29116 29404 [RBAC] Found active RBAC record for user 2: role=GRC Administrator
INFO 2025-07-02 13:35:27,999 utils 29116 29404 [RBAC] User 2 (GRC Administrator) incident.assign = ALLOWED
INFO 2025-07-02 13:35:28,704 utils 29116 29404 [RBAC] Successfully retrieved user_id from session: 2
INFO 2025-07-02 13:35:28,713 utils 29116 29404 [RBAC] Found active RBAC record for user 2: role=GRC Administrator
INFO 2025-07-02 13:35:28,714 utils 29116 29404 [RBAC] User 2 (GRC Administrator) incident.view = ALLOWED
INFO 2025-07-02 13:35:28,719 utils 29116 29404 [RBAC] Found active RBAC record for user 2: role=GRC Administrator
INFO 2025-07-02 13:35:28,720 utils 29116 29404 [RBAC] User 2 (GRC Administrator) incident.create = ALLOWED
INFO 2025-07-02 13:35:28,729 utils 29116 29404 [RBAC] Found active RBAC record for user 2: role=GRC Administrator
INFO 2025-07-02 13:35:28,730 utils 29116 29404 [RBAC] User 2 (GRC Administrator) incident.edit = ALLOWED
INFO 2025-07-02 13:35:28,735 utils 29116 29404 [RBAC] Found active RBAC record for user 2: role=GRC Administrator
ERROR 2025-07-02 13:35:28,736 utils 29116 29404 [RBAC] Invalid incident permission type: approve
INFO 2025-07-02 13:35:28,745 utils 29116 29404 [RBAC] Found active RBAC record for user 2: role=GRC Administrator
INFO 2025-07-02 13:35:28,746 utils 29116 29404 [RBAC] User 2 (GRC Administrator) incident.assign = ALLOWED
INFO 2025-07-02 13:35:30,094 utils 29116 29404 [RBAC] Successfully retrieved user_id from session: 2
INFO 2025-07-02 13:35:30,101 utils 29116 29404 [RBAC] Found active RBAC record for user 2: role=GRC Administrator
INFO 2025-07-02 13:35:30,103 utils 29116 29404 [RBAC] User 2 (GRC Administrator) incident.view = ALLOWED
INFO 2025-07-02 13:35:30,111 utils 29116 29404 [RBAC] Found active RBAC record for user 2: role=GRC Administrator
INFO 2025-07-02 13:35:30,113 utils 29116 29404 [RBAC] User 2 (GRC Administrator) incident.create = ALLOWED
INFO 2025-07-02 13:35:30,118 utils 29116 29404 [RBAC] Found active RBAC record for user 2: role=GRC Administrator
INFO 2025-07-02 13:35:30,119 utils 29116 29404 [RBAC] User 2 (GRC Administrator) incident.edit = ALLOWED
INFO 2025-07-02 13:35:30,128 utils 29116 29404 [RBAC] Found active RBAC record for user 2: role=GRC Administrator
ERROR 2025-07-02 13:35:30,130 utils 29116 29404 [RBAC] Invalid incident permission type: approve
INFO 2025-07-02 13:35:30,135 utils 29116 29404 [RBAC] Found active RBAC record for user 2: role=GRC Administrator
INFO 2025-07-02 13:35:30,136 utils 29116 29404 [RBAC] User 2 (GRC Administrator) incident.assign = ALLOWED
INFO 2025-07-02 13:35:31,162 utils 29116 29404 [RBAC] Successfully retrieved user_id from session: 2
INFO 2025-07-02 13:35:31,178 utils 29116 29404 [RBAC] Found active RBAC record for user 2: role=GRC Administrator
INFO 2025-07-02 13:35:31,179 utils 29116 29404 [RBAC] User 2 (GRC Administrator) incident.view = ALLOWED
INFO 2025-07-02 13:35:31,184 utils 29116 29404 [RBAC] Found active RBAC record for user 2: role=GRC Administrator
INFO 2025-07-02 13:35:31,186 utils 29116 29404 [RBAC] User 2 (GRC Administrator) incident.create = ALLOWED
INFO 2025-07-02 13:35:31,193 utils 29116 29404 [RBAC] Found active RBAC record for user 2: role=GRC Administrator
INFO 2025-07-02 13:35:31,194 utils 29116 29404 [RBAC] User 2 (GRC Administrator) incident.edit = ALLOWED
INFO 2025-07-02 13:35:31,199 utils 29116 29404 [RBAC] Found active RBAC record for user 2: role=GRC Administrator
ERROR 2025-07-02 13:35:31,200 utils 29116 29404 [RBAC] Invalid incident permission type: approve
INFO 2025-07-02 13:35:31,206 utils 29116 29404 [RBAC] Found active RBAC record for user 2: role=GRC Administrator
INFO 2025-07-02 13:35:31,208 utils 29116 29404 [RBAC] User 2 (GRC Administrator) incident.assign = ALLOWED
INFO 2025-07-02 13:35:32,452 utils 29116 29404 [RBAC] Successfully retrieved user_id from session: 2
INFO 2025-07-02 13:35:32,464 utils 29116 29404 [RBAC] Found active RBAC record for user 2: role=GRC Administrator
INFO 2025-07-02 13:35:32,466 utils 29116 29404 [RBAC] User 2 (GRC Administrator) incident.view = ALLOWED
INFO 2025-07-02 13:35:32,471 utils 29116 29404 [RBAC] Found active RBAC record for user 2: role=GRC Administrator
INFO 2025-07-02 13:35:32,472 utils 29116 29404 [RBAC] User 2 (GRC Administrator) incident.create = ALLOWED
INFO 2025-07-02 13:35:32,482 utils 29116 29404 [RBAC] Found active RBAC record for user 2: role=GRC Administrator
INFO 2025-07-02 13:35:32,482 utils 29116 29404 [RBAC] User 2 (GRC Administrator) incident.edit = ALLOWED
INFO 2025-07-02 13:35:32,491 utils 29116 29404 [RBAC] Found active RBAC record for user 2: role=GRC Administrator
ERROR 2025-07-02 13:35:32,492 utils 29116 29404 [RBAC] Invalid incident permission type: approve
INFO 2025-07-02 13:35:32,497 utils 29116 29404 [RBAC] Found active RBAC record for user 2: role=GRC Administrator
INFO 2025-07-02 13:35:32,499 utils 29116 29404 [RBAC] User 2 (GRC Administrator) incident.assign = ALLOWED
INFO 2025-07-02 13:38:48,970 utils 29116 29404 [RBAC] Successfully retrieved user_id from session: 2
INFO 2025-07-02 13:38:48,984 utils 29116 29404 [RBAC] Found active RBAC record for user 2: role=GRC Administrator
INFO 2025-07-02 13:38:48,985 utils 29116 29404 [RBAC] User 2 (GRC Administrator) incident.view = ALLOWED
INFO 2025-07-02 13:38:48,996 utils 29116 29404 [RBAC] Found active RBAC record for user 2: role=GRC Administrator
INFO 2025-07-02 13:38:48,998 utils 29116 29404 [RBAC] User 2 (GRC Administrator) incident.create = ALLOWED
INFO 2025-07-02 13:38:49,001 utils 29116 29404 [RBAC] Found active RBAC record for user 2: role=GRC Administrator
INFO 2025-07-02 13:38:49,002 utils 29116 29404 [RBAC] User 2 (GRC Administrator) incident.edit = ALLOWED
INFO 2025-07-02 13:38:49,009 utils 29116 29404 [RBAC] Found active RBAC record for user 2: role=GRC Administrator
ERROR 2025-07-02 13:38:49,011 utils 29116 29404 [RBAC] Invalid incident permission type: approve
INFO 2025-07-02 13:38:49,015 utils 29116 29404 [RBAC] Found active RBAC record for user 2: role=GRC Administrator
INFO 2025-07-02 13:38:49,016 utils 29116 29404 [RBAC] User 2 (GRC Administrator) incident.assign = ALLOWED
INFO 2025-07-02 13:38:54,030 utils 29116 29404 [RBAC] Successfully retrieved user_id from session: 2
INFO 2025-07-02 13:38:54,041 utils 29116 29404 [RBAC] Found active RBAC record for user 2: role=GRC Administrator
INFO 2025-07-02 13:38:54,043 utils 29116 29404 [RBAC] User 2 (GRC Administrator) incident.view = ALLOWED
INFO 2025-07-02 13:38:54,047 utils 29116 29404 [RBAC] Found active RBAC record for user 2: role=GRC Administrator
INFO 2025-07-02 13:38:54,048 utils 29116 29404 [RBAC] User 2 (GRC Administrator) incident.create = ALLOWED
INFO 2025-07-02 13:38:54,053 utils 29116 29404 [RBAC] Found active RBAC record for user 2: role=GRC Administrator
INFO 2025-07-02 13:38:54,057 utils 29116 29404 [RBAC] User 2 (GRC Administrator) incident.edit = ALLOWED
INFO 2025-07-02 13:38:54,063 utils 29116 29404 [RBAC] Found active RBAC record for user 2: role=GRC Administrator
ERROR 2025-07-02 13:38:54,064 utils 29116 29404 [RBAC] Invalid incident permission type: approve
INFO 2025-07-02 13:38:54,069 utils 29116 29404 [RBAC] Found active RBAC record for user 2: role=GRC Administrator
INFO 2025-07-02 13:38:54,071 utils 29116 29404 [RBAC] User 2 (GRC Administrator) incident.assign = ALLOWED
INFO 2025-07-02 13:38:56,843 utils 29116 29404 [RBAC] Successfully retrieved user_id from session: 2
INFO 2025-07-02 13:38:56,859 utils 29116 29404 [RBAC] Found active RBAC record for user 2: role=GRC Administrator
INFO 2025-07-02 13:38:56,860 utils 29116 29404 [RBAC] User 2 (GRC Administrator) incident.view = ALLOWED
INFO 2025-07-02 13:38:56,865 utils 29116 29404 [RBAC] Found active RBAC record for user 2: role=GRC Administrator
INFO 2025-07-02 13:38:56,868 utils 29116 29404 [RBAC] User 2 (GRC Administrator) incident.create = ALLOWED
INFO 2025-07-02 13:38:56,876 utils 29116 29404 [RBAC] Found active RBAC record for user 2: role=GRC Administrator
INFO 2025-07-02 13:38:56,877 utils 29116 29404 [RBAC] User 2 (GRC Administrator) incident.edit = ALLOWED
INFO 2025-07-02 13:38:56,881 utils 29116 29404 [RBAC] Found active RBAC record for user 2: role=GRC Administrator
ERROR 2025-07-02 13:38:56,882 utils 29116 29404 [RBAC] Invalid incident permission type: approve
INFO 2025-07-02 13:38:56,890 utils 29116 29404 [RBAC] Found active RBAC record for user 2: role=GRC Administrator
INFO 2025-07-02 13:38:56,891 utils 29116 29404 [RBAC] User 2 (GRC Administrator) incident.assign = ALLOWED
INFO 2025-07-02 13:38:59,110 utils 29116 29404 [RBAC] Successfully retrieved user_id from session: 2
INFO 2025-07-02 13:38:59,114 utils 29116 29404 [RBAC] Found active RBAC record for user 2: role=GRC Administrator
INFO 2025-07-02 13:38:59,115 utils 29116 29404 [RBAC] User 2 (GRC Administrator) incident.view = ALLOWED
INFO 2025-07-02 13:38:59,124 utils 29116 29404 [RBAC] Found active RBAC record for user 2: role=GRC Administrator
INFO 2025-07-02 13:38:59,125 utils 29116 29404 [RBAC] User 2 (GRC Administrator) incident.create = ALLOWED
INFO 2025-07-02 13:38:59,129 utils 29116 29404 [RBAC] Found active RBAC record for user 2: role=GRC Administrator
INFO 2025-07-02 13:38:59,130 utils 29116 29404 [RBAC] User 2 (GRC Administrator) incident.edit = ALLOWED
INFO 2025-07-02 13:38:59,137 utils 29116 29404 [RBAC] Found active RBAC record for user 2: role=GRC Administrator
ERROR 2025-07-02 13:38:59,139 utils 29116 29404 [RBAC] Invalid incident permission type: approve
INFO 2025-07-02 13:38:59,145 utils 29116 29404 [RBAC] Found active RBAC record for user 2: role=GRC Administrator
INFO 2025-07-02 13:38:59,146 utils 29116 29404 [RBAC] User 2 (GRC Administrator) incident.assign = ALLOWED
INFO 2025-07-02 13:39:01,045 utils 29116 29404 [RBAC] Successfully retrieved user_id from session: 2
INFO 2025-07-02 13:39:01,056 utils 29116 29404 [RBAC] Found active RBAC record for user 2: role=GRC Administrator
INFO 2025-07-02 13:39:01,056 utils 29116 29404 [RBAC] User 2 (GRC Administrator) incident.view = ALLOWED
INFO 2025-07-02 13:39:01,059 utils 29116 29404 [RBAC] Found active RBAC record for user 2: role=GRC Administrator
INFO 2025-07-02 13:39:01,061 utils 29116 29404 [RBAC] User 2 (GRC Administrator) incident.create = ALLOWED
INFO 2025-07-02 13:39:01,065 utils 29116 29404 [RBAC] Found active RBAC record for user 2: role=GRC Administrator
INFO 2025-07-02 13:39:01,066 utils 29116 29404 [RBAC] User 2 (GRC Administrator) incident.edit = ALLOWED
INFO 2025-07-02 13:39:01,074 utils 29116 29404 [RBAC] Found active RBAC record for user 2: role=GRC Administrator
ERROR 2025-07-02 13:39:01,075 utils 29116 29404 [RBAC] Invalid incident permission type: approve
INFO 2025-07-02 13:39:01,079 utils 29116 29404 [RBAC] Found active RBAC record for user 2: role=GRC Administrator
INFO 2025-07-02 13:39:01,083 utils 29116 29404 [RBAC] User 2 (GRC Administrator) incident.assign = ALLOWED
INFO 2025-07-02 13:39:02,479 utils 29116 29404 [RBAC] Successfully retrieved user_id from session: 2
INFO 2025-07-02 13:39:02,492 utils 29116 29404 [RBAC] Found active RBAC record for user 2: role=GRC Administrator
INFO 2025-07-02 13:39:02,493 utils 29116 29404 [RBAC] User 2 (GRC Administrator) incident.view = ALLOWED
INFO 2025-07-02 13:39:02,497 utils 29116 29404 [RBAC] Found active RBAC record for user 2: role=GRC Administrator
INFO 2025-07-02 13:39:02,504 utils 29116 29404 [RBAC] User 2 (GRC Administrator) incident.create = ALLOWED
INFO 2025-07-02 13:39:02,508 utils 29116 29404 [RBAC] Found active RBAC record for user 2: role=GRC Administrator
INFO 2025-07-02 13:39:02,509 utils 29116 29404 [RBAC] User 2 (GRC Administrator) incident.edit = ALLOWED
INFO 2025-07-02 13:39:02,512 utils 29116 29404 [RBAC] Found active RBAC record for user 2: role=GRC Administrator
ERROR 2025-07-02 13:39:02,513 utils 29116 29404 [RBAC] Invalid incident permission type: approve
INFO 2025-07-02 13:39:02,522 utils 29116 29404 [RBAC] Found active RBAC record for user 2: role=GRC Administrator
INFO 2025-07-02 13:39:02,523 utils 29116 29404 [RBAC] User 2 (GRC Administrator) incident.assign = ALLOWED
